20/08/2025 17:11:48 received Position	F4JRE-1>APIN21,WIDE1-1:!4800.61N/00012.37ElPinPoint v2.1
20/08/2025 17:12:27 received Position	F4JRE-10>APLRG1,WIDE1-1:!L65QGNRdOa  GLoRa APRS iGate 433,775Mhz
20/08/2025 17:14:05 received Message	F4JRE-1>APIN21,WIDE1-1::F4JRE-5  :QRZ?{1
20/08/2025 17:14:05 send     Message	:F4JRE-1  :QRZ Ballon Touchard Le Mans{1
20/08/2025 17:14:16 received Message	F4JRE-1>APIN21,WIDE1-1::F4JRE-5  :ack1
20/08/2025 17:16:04 received Message	F4JRE-1>APIN21,WIDE1-1::BLN      :bulletin test
20/08/2025 17:21:30 received Message	F4JRE-1>APIN21,WIDE1-1::F4JRE-5  :MIRE{2
20/08/2025 17:21:30 send     Message	:F4JRE-1  :Mire = ON{2
20/08/2025 17:21:37 received Message	F4JRE-1>APIN21,WIDE1-1::F4JRE-5  :ack2
20/08/2025 17:41:24 received Position	F4JRE-1>APIN21,WIDE1-1:!4800.61N/00012.37ElPinPoint v2.1
20/08/2025 17:42:27 received Position	F4JRE-10>APLRG1,WIDE1-1:!L65QGNRdOa  GLoRa APRS iGate 433,775Mhz
20/08/2025 18:11:56 received Position	F4JRE-1>APIN21,WIDE1-1:!4800.61N/00012.37ElPinPoint v2.1
20/08/2025 18:12:27 received Position	F4JRE-10>APLRG1,WIDE1-1:!L65QGNRdOa  GLoRa APRS iGate 433,775Mhz
20/08/2025 18:42:24 received Position	F4JRE-1>APIN21,WIDE1-1:!4800.61N/00012.37ElPinPoint v2.1
20/08/2025 19:12:27 received Position	F4JRE-10>APLRG1,WIDE1-1:!L65QGNRdOa  GLoRa APRS iGate 433,775Mhz
20/08/2025 19:12:57 received Position	F4JRE-1>APIN21,WIDE1-1:!4800.61N/00012.37ElPinPoint v2.1
20/08/2025 19:42:27 received Position	F4JRE-10>APLRG1,WIDE1-1:!L65QGNRdOa  GLoRa APRS iGate 433,775Mhz
20/08/2025 20:12:27 received Position	F4JRE-10>APLRG1,WIDE1-1:!L65QGNRdOa  GLoRa APRS iGate 433,775Mhz
20/08/2025 20:42:28 received Position	F4JRE-10>APLRG1,WIDE1-1:!L65QGNRdOa  GLoRa APRS iGate 433,775Mhz
20/08/2025 21:12:28 received Position	F4JRE-10>APLRG1,WIDE1-1:!L65QGNRdOa  GLoRa APRS iGate 433,775Mhz
20/08/2025 21:42:28 received Position	F4JRE-10>APLRG1,WIDE1-1:!L65QGNRdOa  GLoRa APRS iGate 433,775Mhz
