sensibilité : FS_4G : FS_500DPS
offset Acc : 1031 : 879 : 1075
offset Gyro : 208 : -34 : 34
/home/ballon/data/data_2025-08-19_16-19-31.csv
2025-08-19 16:19:31 CEST : >APLT : !4759.71N/00012.32EO/A=000246 Ballon_position_initiale
:f4kmn    :Zero Motion detected 
2025-08-19 16:20:30 CEST : >APLT : _08191620c...s...g...t080h59b10052 +0,01 -0,01 +1,00 +0,0 +0,0 +0,0
2025-08-19 16:22:30 CEST : >APLT : _08191622c...s...g...t080h59b10051 +0,01 -0,01 +1,00 +0,0 +0,0 +0,0
2025-08-19 16:24:30 CEST : >APLT : _08191624c...s...g...t080h59b10052 +0,01 -0,01 +1,00 +0,0 +0,0 +0,0
2025-08-19 16:26:30 CEST : >APLT : _08191626c...s...g...t080h60b10051 +0,01 -0,01 +1,00 +0,0 +0,0 +0,0
2025-08-19 16:28:30 CEST : >APLT : _08191628c...s...g...t080h59b10052 +0,01 -0,01 +1,00 +0,0 +0,0 +0,0
2025-08-19 16:30:30 CEST : >APLT : _08191630c...s...g...t080h58b10052 +0,01 -0,01 +1,00 +0,0 +0,0 +0,0
2025-08-19 16:32:30 CEST : >APLT : _08191632c...s...g...t080h58b10052 +0,01 -0,01 +1,00 +0,0 +0,0 +0,0
2025-08-19 16:34:30 CEST : >APLT : _08191634c...s...g...t081h58b10052 +0,01 -0,01 +1,03 +0,0 +0,0 +0,0
2025-08-19 16:36:30 CEST : >APLT : _08191636c...s...g...t080h59b10051 +0,01 -0,01 +1,00 +0,0 +0,0 +0,0
2025-08-19 16:38:30 CEST : >APLT : _08191638c...s...g...t080h59b10050 +0,01 -0,01 +1,00 +0,0 +0,0 +0,0
2025-08-19 16:40:30 CEST : >APLT : _08191640c...s...g...t081h58b10051 +0,01 -0,01 +1,00 +0,0 +0,0 +0,0
2025-08-19 16:42:30 CEST : >APLT : _08191642c...s...g...t081h59b10051 +0,01 -0,01 +0,97 +0,0 +0,0 +0,0
2025-08-19 16:44:30 CEST : >APLT : _08191644c...s...g...t081h59b10051 +0,01 -0,01 +1,00 +0,0 +0,0 +0,0
2025-08-19 16:46:30 CEST : >APLT : _08191646c...s...g...t080h58b10051 +0,01 -0,01 +1,00 +0,0 +0,0 +0,0
2025-08-19 16:48:30 CEST : >APLT : _08191648c...s...g...t081h58b10050 +0,01 -0,01 +1,00 +0,0 +0,0 +0,0
2025-08-19 16:50:30 CEST : >APLT : _08191650c...s...g...t081h58b10051 +0,01 -0,01 +1,00 +0,0 +0,0 +0,0
2025-08-19 16:52:30 CEST : >APLT : _08191652c...s...g...t081h58b10050 +0,01 -0,01 +1,00 +0,0 +0,0 +0,0
2025-08-19 16:54:30 CEST : >APLT : _08191654c...s...g...t081h58b10050 +0,01 -0,01 +1,00 +0,0 +0,0 +0,0
2025-08-19 16:56:30 CEST : >APLT : _08191656c...s...g...t081h58b10050 +0,01 -0,01 +1,00 +0,0 +0,0 +0,0
2025-08-19 16:58:30 CEST : >APLT : _08191658c...s...g...t080h58b10050 +0,01 -0,01 +1,03 +0,0 +0,0 +0,0
2025-08-19 17:00:30 CEST : >APLT : _08191700c...s...g...t080h58b10050 +0,01 -0,01 +1,00 +0,0 +0,0 +0,0
2025-08-19 17:02:30 CEST : >APLT : _08191702c...s...g...t080h58b10050 +0,01 -0,01 +1,00 +0,0 +0,0 +0,0
2025-08-19 17:04:30 CEST : >APLT : _08191704c...s...g...t080h59b10049 +0,01 -0,01 +1,00 +0,0 +0,0 +0,0
2025-08-19 17:06:30 CEST : >APLT : _08191706c...s...g...t080h59b10050 +0,01 -0,01 +1,00 +0,0 +0,0 +0,0
2025-08-19 17:08:30 CEST : >APLT : _08191708c...s...g...t080h58b10050 +0,01 -0,01 +1,00 +0,0 +0,0 +0,0
2025-08-19 17:10:30 CEST : >APLT : _08191710c...s...g...t080h59b10048 +0,01 -0,01 +1,00 +0,0 +0,0 +0,0
2025-08-19 17:12:30 CEST : >APLT : _08191712c...s...g...t080h60b10050 +0,01 -0,01 +1,00 +0,0 +0,0 +0,0
2025-08-19 17:14:30 CEST : >APLT : _08191714c...s...g...t080h59b10049 +0,01 -0,01 +1,00 +0,0 +0,0 +0,0
2025-08-19 17:16:30 CEST : >APLT : _08191716c...s...g...t080h59b10048 +0,01 -0,01 +1,00 +0,0 +0,0 +0,0
2025-08-19 17:18:30 CEST : >APLT : _08191718c...s...g...t080h60b10049 +0,01 -0,01 +1,00 +0,0 +0,0 +0,0
2025-08-19 17:20:30 CEST : >APLT : _08191720c...s...g...t080h60b10048 +0,01 -0,01 +1,00 +0,0 +0,0 +0,0
2025-08-19 17:22:30 CEST : >APLT : _08191722c...s...g...t080h60b10048 +0,01 -0,01 +1,00 +0,0 +0,0 +0,0
2025-08-19 17:24:30 CEST : >APLT : _08191724c...s...g...t080h60b10048 +0,01 -0,01 +1,00 +0,0 +0,0 +0,0
2025-08-19 17:26:30 CEST : >APLT : _08191726c...s...g...t080h59b10048 +0,01 -0,01 +1,00 +0,0 +0,0 +0,0
2025-08-19 17:28:30 CEST : >APLT : _08191728c...s...g...t080h59b10048 +0,01 -0,01 +1,00 +0,0 +0,0 +0,0
2025-08-19 17:30:30 CEST : >APLT : _08191730c...s...g...t080h60b10047 +0,01 -0,01 +1,00 +0,0 +0,0 +0,0
2025-08-19 17:32:30 CEST : >APLT : _08191732c...s...g...t080h60b10047 +0,01 -0,01 +1,00 +0,0 +0,0 +0,0
2025-08-19 17:34:30 CEST : >APLT : _08191734c...s...g...t080h60b10048 +0,01 -0,01 +1,00 +0,0 +0,0 +0,0
2025-08-19 17:36:30 CEST : >APLT : _08191736c...s...g...t080h59b10047 +0,01 -0,01 +1,00 +0,0 +0,0 +0,0
2025-08-19 17:38:30 CEST : >APLT : _08191738c...s...g...t080h59b10047 +0,01 -0,01 +1,00 +0,0 +0,0 +0,0
2025-08-19 17:40:30 CEST : >APLT : _08191740c...s...g...t080h59b10047 +0,01 -0,01 +1,00 +0,0 +0,0 +0,0
2025-08-19 17:42:30 CEST : >APLT : _08191742c...s...g...t080h59b10047 +0,01 -0,01 +1,00 +0,0 +0,0 +0,0
2025-08-19 17:44:30 CEST : >APLT : _08191744c...s...g...t081h59b10047 +0,01 -0,01 +1,00 +0,0 +0,0 +0,0
2025-08-19 17:46:30 CEST : >APLT : _08191746c...s...g...t081h58b10047 +0,01 -0,01 +1,00 +0,0 +0,0 +0,0
2025-08-19 17:48:30 CEST : >APLT : _08191748c...s...g...t081h59b10047 +0,01 -0,01 +1,00 +0,0 +0,0 +0,0
sensibilité : FS_4G : FS_500DPS
offset Acc : 1031 : 879 : 1075
offset Gyro : 208 : -34 : 34
/home/ballon/data/data_2025-08-19_17-49-38.csv
2025-08-19 17:49:38 CEST : >APLT : !4759.71N/00012.32EO/A=000246 Ballon_position_initiale
2025-08-19 17:50:31 CEST : >APLT : _08191750c...s...g...t081h59b10047 +0,01 -0,01 +1,00 +0,0 +0,0 +0,0
2025-08-19 17:52:30 CEST : >APLT : _08191752c...s...g...t081h58b10045 +0,01 -0,01 +1,00 +0,0 +0,0 +0,0
2025-08-19 17:54:30 CEST : >APLT : _08191754c...s...g...t081h58b10046 +0,01 -0,01 +1,00 +0,0 +0,0 +0,0
2025-08-19 17:56:30 CEST : >APLT : _08191756c...s...g...t081h58b10046 +0,01 -0,01 +1,00 +0,0 +0,0 +0,0
2025-08-19 17:58:30 CEST : >APLT : _08191758c...s...g...t081h58b10047 +0,01 -0,01 +1,00 +0,0 +0,0 +0,0
2025-08-19 18:00:30 CEST : >APLT : _08191800c...s...g...t080h58b10045 -1,05 -0,04 +0,05 +0,0 +0,0 +0,0
2025-08-19 18:02:31 CEST : >APLT : _08191802c...s...g...t080h59b10046 -1,05 -0,04 +0,05 +0,0 +0,0 +0,0
2025-08-19 18:04:30 CEST : >APLT : _08191804c...s...g...t080h59b10046 -1,05 -0,04 +0,04 +0,0 +0,0 +0,0
2025-08-19 18:06:30 CEST : >APLT : _08191806c...s...g...t080h59b10046 -1,05 -0,04 +0,05 +0,0 +0,0 +0,0
2025-08-19 18:08:30 CEST : >APLT : _08191808c...s...g...t080h59b10046 -1,05 -0,04 +0,05 +0,0 +0,0 +0,0
2025-08-19 18:10:30 CEST : >APLT : _08191810c...s...g...t080h59b10046 -1,05 -0,04 +0,05 +0,0 +0,0 +0,0
2025-08-19 18:12:30 CEST : >APLT : _08191812c...s...g...t080h60b10047 -1,05 -0,04 +0,05 +0,0 +0,0 +0,0
2025-08-19 18:14:30 CEST : >APLT : _08191814c...s...g...t080h59b10046 -1,05 -0,04 +0,05 +0,0 +0,0 +0,0
2025-08-19 18:16:30 CEST : >APLT : _08191816c...s...g...t080h60b10045 -1,05 -0,04 +0,04 +0,0 +0,0 +0,0
2025-08-19 18:18:30 CEST : >APLT : _08191818c...s...g...t080h59b10044 -1,05 -0,04 +0,05 +0,0 +0,0 +0,0
2025-08-19 18:20:30 CEST : >APLT : _08191820c...s...g...t080h59b10046 -1,05 -0,04 +0,05 +0,0 +0,0 +0,0
2025-08-19 18:22:30 CEST : >APLT : _08191822c...s...g...t080h59b10046 -1,05 -0,04 +0,05 +0,0 +0,0 +0,0
2025-08-19 18:24:30 CEST : >APLT : _08191824c...s...g...t080h58b10046 -1,05 -0,04 +0,04 +0,0 +0,0 +0,0
2025-08-19 18:26:30 CEST : >APLT : _08191826c...s...g...t080h59b10046 -1,05 -0,04 +0,05 +0,0 +0,0 +0,0
:f4kmn    :Zero Motion detected 
:f4kmn    :Zero Motion detected 
2025-08-19 18:28:30 CEST : >APLT : _08191828c...s...g...t078h58b10023 +0,01 -0,01 +1,00 +0,0 +3,9 +0,0
2025-08-19 18:30:30 CEST : >APLT : _08191830c...s...g...t081h58b10046 +0,01 -0,01 +1,00 +0,0 +0,0 +0,0
2025-08-19 18:32:30 CEST : >APLT : _08191832c...s...g...t081h57b10046 +0,01 -0,01 +1,00 +0,0 +0,0 +0,0
2025-08-19 18:34:30 CEST : >APLT : _08191834c...s...g...t081h57b10046 +0,01 -0,01 +1,00 +0,0 +0,0 +0,0
2025-08-19 18:36:30 CEST : >APLT : _08191836c...s...g...t081h57b10046 +0,01 -0,01 +1,00 +0,0 +0,0 +0,0
2025-08-19 18:38:30 CEST : >APLT : _08191838c...s...g...t081h57b10047 +0,01 -0,01 +1,00 +0,0 +0,0 +0,0
2025-08-19 18:40:30 CEST : >APLT : _08191840c...s...g...t081h57b10047 +0,01 -0,01 +1,00 +0,0 +0,0 +0,0
2025-08-19 18:42:30 CEST : >APLT : _08191842c...s...g...t081h57b10047 +0,01 -0,01 +1,00 +0,0 +0,0 +0,0
2025-08-19 18:44:30 CEST : >APLT : _08191844c...s...g...t081h57b10046 +0,01 -0,01 +1,00 +0,0 +0,0 +0,0
2025-08-19 18:46:30 CEST : >APLT : _08191846c...s...g...t081h57b10046 +0,01 -0,01 +1,00 +0,0 +0,0 +0,0
2025-08-19 18:48:30 CEST : >APLT : _08191848c...s...g...t081h58b10046 +0,01 -0,01 +1,00 +0,0 +0,0 +0,0
2025-08-19 18:50:30 CEST : >APLT : _08191850c...s...g...t081h57b10046 +0,01 -0,01 +1,00 +0,0 +0,0 +0,0
2025-08-19 18:52:30 CEST : >APLT : _08191852c...s...g...t081h57b10046 +0,01 -0,01 +0,97 +0,0 +0,0 +0,0
2025-08-19 18:54:30 CEST : >APLT : _08191854c...s...g...t081h57b10046 +0,01 -0,01 +1,00 +0,0 +0,0 +0,0
2025-08-19 18:56:30 CEST : >APLT : _08191856c...s...g...t081h57b10046 +0,01 -0,01 +1,00 +0,0 +0,0 +0,0
2025-08-19 18:58:30 CEST : >APLT : _08191858c...s...g...t081h57b10047 +0,01 -0,01 +1,00 +0,0 +0,0 +0,0
2025-08-19 19:00:30 CEST : >APLT : _08191900c...s...g...t081h57b10046 +0,01 -0,01 +1,00 +0,0 -3,9 +0,0
2025-08-19 19:02:30 CEST : >APLT : _08191902c...s...g...t081h57b10048 +0,01 -0,01 +1,00 +0,0 +0,0 +0,0
2025-08-19 19:04:30 CEST : >APLT : _08191904c...s...g...t081h57b10047 +0,01 -0,01 +1,00 +0,0 +0,0 +0,0
2025-08-19 19:06:30 CEST : >APLT : _08191906c...s...g...t081h57b10047 +0,01 -0,01 +1,00 +0,0 +0,0 +0,0
2025-08-19 19:08:30 CEST : >APLT : _08191908c...s...g...t081h57b10047 +0,01 -0,01 +1,00 +0,0 +0,0 +0,0
2025-08-19 19:10:30 CEST : >APLT : _08191910c...s...g...t081h57b10046 +0,01 -0,01 +1,00 +0,0 +0,0 +0,0
2025-08-19 19:12:30 CEST : >APLT : _08191912c...s...g...t081h57b10047 +0,01 -0,01 +1,00 +0,0 +0,0 +0,0
2025-08-19 19:14:30 CEST : >APLT : _08191914c...s...g...t081h57b10046 +0,01 -0,01 +1,00 +0,0 +0,0 +0,0
2025-08-19 19:16:30 CEST : >APLT : _08191916c...s...g...t081h57b10046 +0,01 -0,01 +1,00 +0,0 +0,0 +0,0
2025-08-19 19:18:30 CEST : >APLT : _08191918c...s...g...t081h57b10047 +0,01 -0,01 +1,00 +0,0 +0,0 +0,0
2025-08-19 19:20:30 CEST : >APLT : _08191920c...s...g...t081h57b10047 +0,01 -0,01 +1,00 +0,0 +0,0 +0,0
2025-08-19 19:22:30 CEST : >APLT : _08191922c...s...g...t081h57b10046 +0,01 -0,01 +1,00 +0,0 +0,0 +0,0
2025-08-19 19:24:30 CEST : >APLT : _08191924c...s...g...t081h57b10046 +0,01 -0,01 +1,00 +0,0 +0,0 +0,0
2025-08-19 19:26:30 CEST : >APLT : _08191926c...s...g...t081h57b10046 +0,01 -0,01 +1,00 +0,0 +0,0 +0,0
2025-08-19 19:28:30 CEST : >APLT : _08191928c...s...g...t081h57b10046 +0,01 -0,01 +1,00 +0,0 +0,0 +0,0
2025-08-19 19:30:30 CEST : >APLT : _08191930c...s...g...t081h57b10046 +0,01 -0,01 +1,00 +0,0 +0,0 +0,0
2025-08-19 19:32:30 CEST : >APLT : _08191932c...s...g...t081h57b10046 +0,01 -0,01 +1,03 +0,0 +0,0 +0,0
2025-08-19 19:34:30 CEST : >APLT : _08191934c...s...g...t081h57b10046 +0,01 -0,01 +1,00 +0,0 +0,0 +0,0
2025-08-19 19:36:30 CEST : >APLT : _08191936c...s...g...t081h56b10047 +0,01 -0,01 +1,00 +0,0 +0,0 +0,0
2025-08-19 19:38:30 CEST : >APLT : _08191938c...s...g...t081h57b10046 +0,01 -0,01 +1,00 +0,0 +0,0 +0,0
2025-08-19 19:40:30 CEST : >APLT : _08191940c...s...g...t081h57b10047 +0,01 -0,01 +1,00 +0,0 +0,0 +0,0
2025-08-19 19:42:30 CEST : >APLT : _08191942c...s...g...t081h56b10046 +0,01 -0,01 +1,00 +0,0 +0,0 +0,0
2025-08-19 19:44:30 CEST : >APLT : _08191944c...s...g...t081h57b10045 +0,01 -0,01 +1,00 +0,0 +0,0 +0,0
2025-08-19 19:46:30 CEST : >APLT : _08191946c...s...g...t081h57b10046 +0,01 -0,01 +1,00 +0,0 +0,0 +0,0
2025-08-19 19:48:30 CEST : >APLT : _08191948c...s...g...t081h56b10044 +0,01 -0,01 +1,00 +0,0 +0,0 +0,0
2025-08-19 19:50:30 CEST : >APLT : _08191950c...s...g...t081h57b10045 +0,01 -0,01 +1,00 +0,0 +0,0 +0,0
2025-08-19 19:52:30 CEST : >APLT : _08191952c...s...g...t081h56b10045 +0,01 -0,01 +1,00 +0,0 +0,0 +0,0
2025-08-19 19:54:30 CEST : >APLT : _08191954c...s...g...t081h56b10043 +0,01 -0,01 +1,00 +0,0 +0,0 +0,0
2025-08-19 19:56:30 CEST : >APLT : _08191956c...s...g...t081h57b10044 +0,01 -0,01 +1,00 +0,0 +0,0 +0,0
2025-08-19 19:58:30 CEST : >APLT : _08191958c...s...g...t081h57b10044 +0,01 -0,01 +1,00 +0,0 +0,0 +0,0
2025-08-19 20:00:30 CEST : >APLT : _08192000c...s...g...t081h56b10043 +0,01 -0,01 +1,00 +0,0 +0,0 +0,0
2025-08-19 20:02:30 CEST : >APLT : _08192002c...s...g...t081h56b10044 +0,01 -0,01 +1,00 +0,0 +0,0 +0,0
2025-08-19 20:04:30 CEST : >APLT : _08192004c...s...g...t081h56b10044 +0,01 -0,01 +1,00 +0,0 +0,0 +0,0
2025-08-19 20:06:31 CEST : >APLT : _08192006c...s...g...t082h56b10043 +0,01 -0,01 +1,00 +0,0 +0,0 +0,0
2025-08-19 20:08:30 CEST : >APLT : _08192008c...s...g...t082h56b10044 +0,01 -0,01 +1,00 +0,0 +0,0 +0,0
2025-08-19 20:10:30 CEST : >APLT : _08192010c...s...g...t082h55b10043 +0,01 -0,01 +1,00 +0,0 +0,0 +0,0
2025-08-19 20:12:30 CEST : >APLT : _08192012c...s...g...t082h56b10045 +0,01 -0,01 +0,97 +0,0 +0,0 +0,0
2025-08-19 20:14:30 CEST : >APLT : _08192014c...s...g...t082h55b10044 +0,01 -0,01 +1,00 +0,0 +0,0 +0,0
2025-08-19 20:16:30 CEST : >APLT : _08192016c...s...g...t082h56b10044 +0,01 -0,01 +1,00 +0,0 +0,0 +0,0
2025-08-19 20:18:30 CEST : >APLT : _08192018c...s...g...t082h56b10044 +0,01 -0,01 +1,00 +0,0 +0,0 +0,0
2025-08-19 20:20:30 CEST : >APLT : _08192020c...s...g...t082h56b10044 +0,01 -0,01 +1,00 +0,0 +0,0 +0,0
2025-08-19 20:22:30 CEST : >APLT : _08192022c...s...g...t081h56b10044 +0,01 -0,01 +1,00 +0,0 +0,0 +0,0
2025-08-19 20:24:30 CEST : >APLT : _08192024c...s...g...t081h56b10043 +0,01 -0,01 +1,00 +0,0 +0,0 +0,0
2025-08-19 20:26:30 CEST : >APLT : _08192026c...s...g...t081h56b10044 +0,01 -0,01 +1,00 +0,0 +0,0 +0,0
2025-08-19 20:28:30 CEST : >APLT : _08192028c...s...g...t081h56b10043 +0,01 -0,01 +1,00 +0,0 +0,0 +0,0
2025-08-19 20:30:30 CEST : >APLT : _08192030c...s...g...t081h56b10043 +0,01 -0,01 +1,00 +0,0 +0,0 +0,0
2025-08-19 20:32:30 CEST : >APLT : _08192032c...s...g...t082h57b10042 +0,01 -0,01 +1,00 +0,0 +0,0 +0,0
2025-08-19 20:34:30 CEST : >APLT : _08192034c...s...g...t082h56b10043 +0,01 -0,01 +1,00 +0,0 +0,0 +0,0
2025-08-19 20:36:30 CEST : >APLT : _08192036c...s...g...t081h57b10042 +0,01 -0,01 +1,00 +0,0 +0,0 +0,0
2025-08-19 20:38:30 CEST : >APLT : _08192038c...s...g...t082h56b10043 +0,01 -0,01 +1,00 +0,0 +0,0 +0,0
2025-08-19 20:40:30 CEST : >APLT : _08192040c...s...g...t081h57b10042 +0,01 -0,01 +1,00 +0,0 +0,0 +0,0
2025-08-19 20:42:30 CEST : >APLT : _08192042c...s...g...t082h56b10042 +0,01 -0,01 +1,00 +0,0 +0,0 +0,0
2025-08-19 20:44:30 CEST : >APLT : _08192044c...s...g...t081h57b10042 +0,01 -0,01 +1,00 +0,0 +0,0 +0,0
2025-08-19 20:46:30 CEST : >APLT : _08192046c...s...g...t081h56b10041 +0,01 -0,01 +1,00 +0,0 +0,0 +0,0
2025-08-19 20:48:30 CEST : >APLT : _08192048c...s...g...t081h56b10042 +0,01 -0,01 +1,00 +0,0 +0,0 +0,0
2025-08-19 20:50:30 CEST : >APLT : _08192050c...s...g...t081h57b10042 +0,01 -0,01 +1,00 +0,0 +0,0 +0,0
2025-08-19 20:52:30 CEST : >APLT : _08192052c...s...g...t081h57b10042 +0,01 -0,01 +1,00 +0,0 +0,0 +0,0
2025-08-19 20:54:30 CEST : >APLT : _08192054c...s...g...t081h57b10041 +0,01 -0,01 +1,00 +0,0 +0,0 +0,0
2025-08-19 20:56:30 CEST : >APLT : _08192056c...s...g...t081h57b10043 +0,01 -0,01 +1,00 +0,0 +0,0 +0,0
2025-08-19 20:58:30 CEST : >APLT : _08192058c...s...g...t081h57b10042 +0,01 -0,01 +1,00 +0,0 +0,0 +0,0
2025-08-19 21:00:30 CEST : >APLT : _08192100c...s...g...t081h57b10041 +0,01 -0,01 +1,00 +0,0 +0,0 +0,0
2025-08-19 21:02:30 CEST : >APLT : _08192102c...s...g...t081h57b10042 +0,01 -0,01 +1,00 +0,0 +0,0 +0,0
2025-08-19 21:04:30 CEST : >APLT : _08192104c...s...g...t081h57b10041 +0,01 -0,01 +1,00 +0,0 +0,0 +0,0
2025-08-19 21:06:30 CEST : >APLT : _08192106c...s...g...t081h57b10041 +0,01 -0,01 +1,00 +0,0 +0,0 +0,0
2025-08-19 21:08:30 CEST : >APLT : _08192108c...s...g...t081h57b10042 +0,01 -0,01 +1,00 +0,0 +0,0 +0,0
2025-08-19 21:10:30 CEST : >APLT : _08192110c...s...g...t081h58b10043 +0,01 -0,01 +1,00 +0,0 +0,0 +0,0
2025-08-19 21:12:30 CEST : >APLT : _08192112c...s...g...t081h57b10043 +0,01 -0,01 +1,00 +0,0 +0,0 +0,0
2025-08-19 21:14:30 CEST : >APLT : _08192114c...s...g...t081h57b10043 +0,01 -0,01 +1,00 +0,0 +0,0 +0,0
2025-08-19 21:16:30 CEST : >APLT : _08192116c...s...g...t081h58b10044 +0,01 -0,01 +1,00 +0,0 +0,0 +0,0
2025-08-19 21:18:30 CEST : >APLT : _08192118c...s...g...t081h58b10044 +0,01 -0,01 +1,00 +0,0 +0,0 +0,0
2025-08-19 21:20:30 CEST : >APLT : _08192120c...s...g...t081h58b10045 +0,01 -0,01 +1,00 +0,0 +0,0 +0,0
2025-08-19 21:22:30 CEST : >APLT : _08192122c...s...g...t081h58b10043 +0,01 -0,01 +1,00 +0,0 +0,0 +0,0
2025-08-19 21:24:30 CEST : >APLT : _08192124c...s...g...t081h58b10044 +0,01 -0,01 +1,00 +0,0 +0,0 +0,0
2025-08-19 21:26:30 CEST : >APLT : _08192126c...s...g...t081h58b10043 +0,01 -0,01 +1,00 +0,0 +0,0 +0,0
2025-08-19 21:28:30 CEST : >APLT : _08192128c...s...g...t081h58b10043 +0,01 -0,01 +1,00 +0,0 +0,0 +0,0
2025-08-19 21:30:30 CEST : >APLT : _08192130c...s...g...t081h58b10044 +0,01 -0,01 +1,00 +0,0 +0,0 +0,0
2025-08-19 21:32:30 CEST : >APLT : _08192132c...s...g...t081h58b10043 +0,01 -0,01 +1,00 +0,0 +0,0 +0,0
2025-08-19 21:34:30 CEST : >APLT : _08192134c...s...g...t081h58b10045 +0,01 -0,01 +1,00 +0,0 +0,0 +0,0
2025-08-19 21:36:31 CEST : >APLT : _08192136c...s...g...t081h58b10045 +0,01 -0,01 +1,00 +0,0 +0,0 +0,0
2025-08-19 21:38:30 CEST : >APLT : _08192138c...s...g...t081h58b10046 +0,01 -0,01 +1,00 +0,0 +0,0 +0,0
2025-08-19 21:40:30 CEST : >APLT : _08192140c...s...g...t081h58b10046 +0,01 -0,01 +1,00 +0,0 +0,0 +0,0
2025-08-19 21:42:30 CEST : >APLT : _08192142c...s...g...t081h58b10046 +0,01 -0,01 +1,00 +0,0 +0,0 +0,0
2025-08-19 21:44:30 CEST : >APLT : _08192144c...s...g...t081h58b10046 +0,01 -0,01 +1,00 +0,0 +0,0 +0,0
2025-08-19 21:46:30 CEST : >APLT : _08192146c...s...g...t081h58b10046 +0,01 -0,01 +1,00 +0,0 +0,0 +0,0
2025-08-19 21:48:30 CEST : >APLT : _08192148c...s...g...t081h58b10046 +0,01 -0,01 +1,00 +0,0 +0,0 +0,0
2025-08-19 21:50:30 CEST : >APLT : _08192150c...s...g...t081h58b10046 +0,01 -0,01 +1,00 +0,0 +0,0 +0,0
2025-08-19 21:52:30 CEST : >APLT : _08192152c...s...g...t081h58b10046 +0,01 -0,01 +1,00 +0,0 +0,0 +0,0
2025-08-19 21:54:30 CEST : >APLT : _08192154c...s...g...t081h58b10047 +0,01 -0,01 +1,00 +0,0 +0,0 +0,0
2025-08-19 21:56:30 CEST : >APLT : _08192156c...s...g...t081h58b10046 +0,01 -0,01 +1,00 +0,0 +0,0 +0,0
2025-08-19 21:58:30 CEST : >APLT : _08192158c...s...g...t081h58b10047 +0,01 -0,01 +1,00 +0,0 +0,0 +0,0
2025-08-19 22:00:30 CEST : >APLT : _08192200c...s...g...t081h58b10047 +0,01 -0,01 +1,00 +0,0 +0,0 +0,0
2025-08-19 22:02:31 CEST : >APLT : _08192202c...s...g...t081h58b10047 +0,01 -0,01 +1,00 +0,0 +0,0 +0,0
2025-08-19 22:04:30 CEST : >APLT : _08192204c...s...g...t081h58b10047 +0,01 -0,01 +1,00 +0,0 +0,0 +0,0
2025-08-19 22:06:30 CEST : >APLT : _08192206c...s...g...t081h58b10048 +0,01 -0,01 +1,00 +0,0 +0,0 +0,0
2025-08-19 22:08:30 CEST : >APLT : _08192208c...s...g...t081h58b10048 +0,01 -0,01 +1,00 +0,0 +0,0 +0,0
2025-08-19 22:10:30 CEST : >APLT : _08192210c...s...g...t081h58b10048 +0,01 -0,01 +1,00 +0,0 +0,0 +0,0
2025-08-19 22:12:30 CEST : >APLT : _08192212c...s...g...t081h58b10048 +0,01 -0,01 +1,00 +0,0 +0,0 +0,0
2025-08-19 22:14:30 CEST : >APLT : _08192214c...s...g...t081h59b10048 +0,01 -0,01 +1,00 +0,0 +0,0 +0,0
2025-08-19 22:16:30 CEST : >APLT : _08192216c...s...g...t081h58b10048 +0,01 -0,01 +0,97 +0,0 +0,0 +0,0
2025-08-19 22:18:30 CEST : >APLT : _08192218c...s...g...t081h58b10048 +0,01 -0,01 +1,00 +0,0 +0,0 +0,0
2025-08-19 22:20:30 CEST : >APLT : _08192220c...s...g...t081h58b10047 +0,01 -0,01 +1,00 +0,0 +0,0 +0,0
2025-08-19 22:22:30 CEST : >APLT : _08192222c...s...g...t081h58b10048 +0,01 -0,01 +1,00 +0,0 +0,0 +0,0
2025-08-19 22:24:30 CEST : >APLT : _08192224c...s...g...t081h59b10047 +0,01 -0,01 +1,00 +0,0 +0,0 +0,0
2025-08-19 22:26:30 CEST : >APLT : _08192226c...s...g...t083h59b10068 +0,01 -0,01 +1,00 +0,0 +0,0 +0,0
2025-08-19 22:28:30 CEST : >APLT : _08192228c...s...g...t081h59b10047 +0,01 -0,01 +1,00 +0,0 +0,0 +0,0
2025-08-19 22:30:30 CEST : >APLT : _08192230c...s...g...t081h58b10046 +0,01 -0,01 +1,00 +0,0 +0,0 +0,0
2025-08-19 22:32:30 CEST : >APLT : _08192232c...s...g...t081h58b10047 +0,01 -0,01 +1,00 +0,0 +0,0 +0,0
2025-08-19 22:34:30 CEST : >APLT : _08192234c...s...g...t081h58b10047 +0,01 -0,01 +1,00 +0,0 +0,0 +0,0
2025-08-19 22:36:30 CEST : >APLT : _08192236c...s...g...t081h59b10046 +0,01 -0,01 +1,00 +0,0 +0,0 +0,0
sensibilité : FS_4G : FS_500DPS
offset Acc : 1031 : 879 : 1075
offset Gyro : 208 : -34 : 34
/home/ballon/data/data_2025-08-20_07-50-11.csv
2025-08-20 07:50:11 CEST : >APLT : !4759.71N/00012.32EO/A=000246 Ballon_position_initiale
:f4kmn    :Zero Motion detected 
2025-08-20 07:50:30 CEST : >APLT : _08200750c...s...g...t076h60b10041 +0,01 -0,01 +1,00 +0,0 +0,0 +0,0
2025-08-20 07:52:30 CEST : >APLT : _08200752c...s...g...t077h59b10042 +0,01 -0,01 +1,00 +0,0 +0,0 +0,0
2025-08-20 07:54:30 CEST : >APLT : _08200754c...s...g...t077h57b10042 +0,01 -0,01 +1,00 +0,0 +0,0 +0,0
2025-08-20 07:56:30 CEST : >APLT : _08200756c...s...g...t078h56b10041 +0,01 -0,01 +1,00 +0,0 +0,0 +0,0
2025-08-20 07:58:30 CEST : >APLT : _08200758c...s...g...t078h56b10041 +0,01 -0,01 +1,00 +0,0 +0,0 +0,0
2025-08-20 08:00:30 CEST : >APLT : _08200800c...s...g...t078h55b10041 +0,01 -0,01 +1,00 +0,0 +0,0 +0,0
2025-08-20 08:02:30 CEST : >APLT : _08200802c...s...g...t079h54b10041 +0,01 -0,01 +1,00 +0,0 +0,0 +0,0
2025-08-20 08:04:30 CEST : >APLT : _08200804c...s...g...t079h54b10041 +0,01 -0,01 +1,00 +0,0 +0,0 +0,0
2025-08-20 08:06:30 CEST : >APLT : _08200806c...s...g...t079h53b10042 +0,01 -0,01 +1,00 +0,0 +0,0 +0,0
2025-08-20 08:08:30 CEST : >APLT : _08200808c...s...g...t079h53b10041 +0,01 -0,01 +1,00 +0,0 +0,0 +0,0
2025-08-20 08:10:31 CEST : >APLT : _08200810c...s...g...t079h53b10040 +0,01 -0,01 +1,00 +0,0 +0,0 +0,0
2025-08-20 08:12:30 CEST : >APLT : _08200812c...s...g...t080h53b10040 +0,01 -0,01 +1,00 +0,0 +0,0 +0,0
2025-08-20 08:14:30 CEST : >APLT : _08200814c...s...g...t080h52b10040 +0,01 -0,01 +1,00 +0,0 +0,0 +0,0
2025-08-20 08:16:30 CEST : >APLT : _08200816c...s...g...t080h52b10041 +0,01 -0,01 +1,00 +0,0 +0,0 +0,0
2025-08-20 08:18:30 CEST : >APLT : _08200818c...s...g...t080h52b10042 +0,01 -0,01 +1,00 +0,0 +0,0 +0,0
2025-08-20 08:20:30 CEST : >APLT : _08200820c...s...g...t079h52b10041 +0,01 -0,01 +1,00 +0,0 +0,0 +0,0
2025-08-20 08:22:30 CEST : >APLT : _08200822c...s...g...t079h53b10042 +0,01 -0,01 +1,00 +0,0 +0,0 +0,0
2025-08-20 08:24:30 CEST : >APLT : _08200824c...s...g...t080h52b10042 +0,01 -0,01 +1,00 +0,0 +0,0 +0,0
2025-08-20 08:26:30 CEST : >APLT : _08200826c...s...g...t079h52b10042 +0,01 -0,01 +1,00 +0,0 +0,0 +0,0
2025-08-20 08:28:30 CEST : >APLT : _08200828c...s...g...t079h53b10043 +0,01 -0,01 +1,00 +0,0 +0,0 +0,0
2025-08-20 08:30:30 CEST : >APLT : _08200830c...s...g...t079h52b10043 +0,01 -0,01 +1,00 +0,0 +0,0 +0,0
2025-08-20 08:32:30 CEST : >APLT : _08200832c...s...g...t079h52b10042 +0,01 -0,01 +1,03 +0,0 +0,0 +0,0
2025-08-20 08:34:30 CEST : >APLT : _08200834c...s...g...t079h52b10042 +0,01 -0,01 +1,00 +0,0 +0,0 +0,0
2025-08-20 08:36:30 CEST : >APLT : _08200836c...s...g...t080h52b10043 +0,01 -0,01 +1,00 +0,0 +0,0 +0,0
2025-08-20 08:38:30 CEST : >APLT : _08200838c...s...g...t080h53b10042 +0,01 -0,01 +1,00 +0,0 +0,0 +0,0
2025-08-20 08:40:30 CEST : >APLT : _08200840c...s...g...t080h52b10042 +0,01 -0,01 +1,00 +0,0 +0,0 +0,0
2025-08-20 08:42:30 CEST : >APLT : _08200842c...s...g...t080h52b10042 +0,01 -0,01 +1,00 +0,0 +0,0 +0,0
2025-08-20 08:44:30 CEST : >APLT : _08200844c...s...g...t079h52b10043 +0,01 -0,01 +1,00 +0,0 +0,0 +0,0
2025-08-20 08:46:30 CEST : >APLT : _08200846c...s...g...t079h53b10043 +0,01 -0,01 +1,00 +0,0 +0,0 +0,0
2025-08-20 08:48:30 CEST : >APLT : _08200848c...s...g...t079h53b10043 +0,01 -0,01 +1,00 +0,0 +0,0 +0,0
2025-08-20 08:50:30 CEST : >APLT : _08200850c...s...g...t079h53b10043 +0,01 -0,01 +1,00 +0,0 +0,0 +0,0
2025-08-20 08:52:30 CEST : >APLT : _08200852c...s...g...t079h52b10043 +0,01 -0,01 +1,00 +0,0 +0,0 +0,0
2025-08-20 08:54:30 CEST : >APLT : _08200854c...s...g...t079h53b10043 +0,01 -0,01 +1,00 +0,0 +0,0 +0,0
2025-08-20 08:56:30 CEST : >APLT : _08200856c...s...g...t079h54b10044 +0,01 -0,01 +1,00 +0,0 +0,0 +0,0
2025-08-20 08:58:30 CEST : >APLT : _08200858c...s...g...t079h54b10043 +0,01 -0,01 +1,00 +0,0 +0,0 +0,0
2025-08-20 09:00:30 CEST : >APLT : _08200900c...s...g...t079h54b10042 +0,01 -0,01 +1,00 +0,0 +0,0 +0,0
2025-08-20 09:02:30 CEST : >APLT : _08200902c...s...g...t079h54b10042 +0,01 -0,01 +1,00 +0,0 +0,0 +0,0
2025-08-20 09:04:30 CEST : >APLT : _08200904c...s...g...t079h54b10042 +0,01 -0,01 +1,00 +0,0 +0,0 +0,0
2025-08-20 09:06:30 CEST : >APLT : _08200906c...s...g...t079h54b10041 +0,01 -0,01 +1,00 +3,9 +0,0 +0,0
2025-08-20 09:08:30 CEST : >APLT : _08200908c...s...g...t079h54b10041 +0,01 -0,01 +1,00 +0,0 +0,0 +0,0
2025-08-20 09:10:30 CEST : >APLT : _08200910c...s...g...t079h54b10041 +0,01 -0,01 +1,00 +0,0 +0,0 +0,0
2025-08-20 09:12:30 CEST : >APLT : _08200912c...s...g...t079h53b10041 +0,01 -0,01 +1,00 +0,0 +0,0 +0,0
2025-08-20 09:14:30 CEST : >APLT : _08200914c...s...g...t079h54b10041 +0,01 -0,01 +1,00 +0,0 +0,0 +0,0
2025-08-20 09:16:30 CEST : >APLT : _08200916c...s...g...t078h55b10042 +0,01 -0,01 +1,00 +0,0 +0,0 +0,0
2025-08-20 09:18:30 CEST : >APLT : _08200918c...s...g...t078h55b10042 +0,01 -0,01 +1,00 +0,0 +0,0 +0,0
2025-08-20 09:20:30 CEST : >APLT : _08200920c...s...g...t079h54b10043 +0,01 -0,01 +1,00 +0,0 +0,0 +0,0
2025-08-20 09:22:30 CEST : >APLT : _08200922c...s...g...t078h55b10043 +0,01 -0,01 +1,00 +0,0 +0,0 +0,0
2025-08-20 09:24:30 CEST : >APLT : _08200924c...s...g...t078h55b10043 +0,01 -0,01 +1,00 +0,0 +0,0 +0,0
2025-08-20 09:26:30 CEST : >APLT : _08200926c...s...g...t078h55b10043 +0,01 -0,01 +1,00 +0,0 +0,0 +0,0
2025-08-20 09:28:30 CEST : >APLT : _08200928c...s...g...t078h55b10044 +0,01 -0,01 +1,00 +0,0 +0,0 +0,0
2025-08-20 09:30:30 CEST : >APLT : _08200930c...s...g...t078h55b10045 +0,01 -0,01 +1,00 +0,0 +0,0 +0,0
2025-08-20 09:32:30 CEST : >APLT : _08200932c...s...g...t078h55b10045 +0,01 -0,01 +1,00 +0,0 +0,0 +0,0
2025-08-20 09:34:30 CEST : >APLT : _08200934c...s...g...t078h56b10046 +0,01 -0,01 +1,00 +0,0 +0,0 +0,0
2025-08-20 09:36:30 CEST : >APLT : _08200936c...s...g...t078h56b10046 +0,01 -0,01 +1,00 +0,0 +0,0 +0,0
2025-08-20 09:38:30 CEST : >APLT : _08200938c...s...g...t078h56b10046 +0,01 -0,01 +1,00 +0,0 +0,0 +0,0
2025-08-20 09:40:30 CEST : >APLT : _08200940c...s...g...t078h57b10047 +0,01 -0,01 +1,00 +0,0 +0,0 +0,0
2025-08-20 09:42:30 CEST : >APLT : _08200942c...s...g...t078h56b10047 +0,01 -0,01 +1,00 +0,0 +0,0 +0,0
2025-08-20 09:44:30 CEST : >APLT : _08200944c...s...g...t078h57b10047 +0,01 -0,01 +1,00 +0,0 +0,0 +0,0
2025-08-20 09:46:30 CEST : >APLT : _08200946c...s...g...t078h57b10048 +0,01 -0,01 +1,00 +0,0 +0,0 +0,0
2025-08-20 09:48:30 CEST : >APLT : _08200948c...s...g...t078h56b10048 +0,01 -0,01 +1,00 +0,0 +0,0 +0,0
2025-08-20 09:50:30 CEST : >APLT : _08200950c...s...g...t078h56b10050 +0,01 -0,01 +1,00 +0,0 +0,0 +0,0
2025-08-20 09:52:30 CEST : >APLT : _08200952c...s...g...t078h56b10050 +0,01 -0,01 +1,00 +0,0 +0,0 +0,0
2025-08-20 09:54:30 CEST : >APLT : _08200954c...s...g...t078h56b10050 +0,01 -0,01 +1,00 +0,0 +0,0 +0,0
2025-08-20 09:56:30 CEST : >APLT : _08200956c...s...g...t078h57b10051 +0,01 -0,01 +1,00 +0,0 +0,0 +0,0
2025-08-20 09:58:30 CEST : >APLT : _08200958c...s...g...t078h57b10051 +0,01 -0,01 +1,00 +0,0 +0,0 +0,0
2025-08-20 10:00:30 CEST : >APLT : _08201000c...s...g...t078h57b10050 +0,01 -0,01 +1,00 +0,0 +0,0 +0,0
2025-08-20 10:02:30 CEST : >APLT : _08201002c...s...g...t078h57b10050 +0,01 -0,01 +1,00 +0,0 +0,0 +0,0
2025-08-20 10:04:30 CEST : >APLT : _08201004c...s...g...t078h57b10050 +0,01 -0,01 +1,00 +0,0 +0,0 +0,0
2025-08-20 10:06:30 CEST : >APLT : _08201006c...s...g...t078h57b10050 +0,01 -0,01 +1,00 +0,0 +0,0 +0,0
2025-08-20 10:08:30 CEST : >APLT : _08201008c...s...g...t078h57b10050 +0,01 -0,01 +1,00 +0,0 +0,0 +0,0
2025-08-20 10:10:30 CEST : >APLT : _08201010c...s...g...t078h57b10050 +0,01 -0,01 +1,00 +0,0 +0,0 +0,0
2025-08-20 10:12:30 CEST : >APLT : _08201012c...s...g...t078h57b10049 +0,01 -0,01 +1,00 +0,0 +0,0 +0,0
2025-08-20 10:14:30 CEST : >APLT : _08201014c...s...g...t078h57b10049 +0,01 -0,01 +1,00 +0,0 +0,0 +0,0
2025-08-20 10:16:30 CEST : >APLT : _08201016c...s...g...t078h57b10049 +0,01 -0,01 +1,00 +0,0 +0,0 +0,0
2025-08-20 10:18:30 CEST : >APLT : _08201018c...s...g...t078h58b10049 +0,01 -0,01 +1,00 +0,0 +0,0 +0,0
2025-08-20 10:20:30 CEST : >APLT : _08201020c...s...g...t078h57b10048 +0,01 -0,01 +1,00 +0,0 +0,0 +0,0
2025-08-20 10:22:30 CEST : >APLT : _08201022c...s...g...t078h57b10048 +0,01 -0,01 +1,00 +0,0 +0,0 +0,0
2025-08-20 10:24:30 CEST : >APLT : _08201024c...s...g...t078h57b10049 +0,01 -0,01 +1,00 +0,0 +0,0 +0,0
2025-08-20 10:26:30 CEST : >APLT : _08201026c...s...g...t078h57b10050 +0,01 -0,01 +1,00 +0,0 +0,0 +0,0
2025-08-20 10:28:30 CEST : >APLT : _08201028c...s...g...t078h56b10049 +0,01 -0,01 +1,00 +0,0 +0,0 +0,0
2025-08-20 10:30:30 CEST : >APLT : _08201030c...s...g...t078h56b10049 +0,01 -0,01 +1,00 +0,0 +0,0 +0,0
2025-08-20 10:32:31 CEST : >APLT : _08201032c...s...g...t078h57b10049 +0,01 -0,01 +1,00 +0,0 +0,0 +0,0
2025-08-20 10:34:30 CEST : >APLT : _08201034c...s...g...t078h57b10049 +0,01 -0,01 +1,00 +0,0 +0,0 +0,0
2025-08-20 10:36:30 CEST : >APLT : _08201036c...s...g...t078h57b10049 +0,01 -0,01 +1,00 +0,0 +0,0 +0,0
2025-08-20 10:38:30 CEST : >APLT : _08201038c...s...g...t078h57b10050 +0,01 -0,01 +1,00 +0,0 +0,0 +0,0
2025-08-20 10:40:30 CEST : >APLT : _08201040c...s...g...t078h56b10050 +0,01 -0,01 +1,00 +0,0 +0,0 +0,0
2025-08-20 10:42:30 CEST : >APLT : _08201042c...s...g...t078h57b10049 +0,01 -0,01 +1,00 +0,0 +0,0 +0,0
2025-08-20 10:44:30 CEST : >APLT : _08201044c...s...g...t077h58b10049 +0,01 -0,01 +1,00 +0,0 +0,0 +0,0
2025-08-20 10:46:30 CEST : >APLT : _08201046c...s...g...t077h59b10049 +0,01 -0,01 +1,00 +0,0 +0,0 +0,0
2025-08-20 10:48:30 CEST : >APLT : _08201048c...s...g...t077h59b10049 +0,01 -0,01 +1,00 +0,0 +0,0 +0,0
2025-08-20 10:50:30 CEST : >APLT : _08201050c...s...g...t077h59b10048 +0,01 -0,01 +1,00 +0,0 +0,0 +0,0
2025-08-20 10:52:30 CEST : >APLT : _08201052c...s...g...t077h59b10049 +0,01 -0,01 +1,00 +0,0 +0,0 +0,0
2025-08-20 10:54:30 CEST : >APLT : _08201054c...s...g...t077h60b10049 +0,01 -0,01 +1,00 +0,0 +0,0 +0,0
2025-08-20 10:56:30 CEST : >APLT : _08201056c...s...g...t078h59b10048 +0,01 -0,01 +1,00 +0,0 +0,0 +0,0
2025-08-20 10:58:30 CEST : >APLT : _08201058c...s...g...t077h60b10049 +0,01 -0,01 +1,00 +0,0 +0,0 +0,0
2025-08-20 11:00:30 CEST : >APLT : _08201100c...s...g...t077h60b10049 +0,01 -0,01 +1,00 +0,0 +0,0 +0,0
2025-08-20 11:02:30 CEST : >APLT : _08201102c...s...g...t077h61b10049 +0,01 -0,01 +1,00 +0,0 +0,0 +0,0
2025-08-20 11:04:30 CEST : >APLT : _08201104c...s...g...t077h61b10048 +0,01 -0,01 +1,00 +0,0 +0,0 +0,0
2025-08-20 11:06:30 CEST : >APLT : _08201106c...s...g...t077h61b10048 +0,01 -0,01 +1,00 +0,0 +0,0 +0,0
2025-08-20 11:08:30 CEST : >APLT : _08201108c...s...g...t077h61b10047 +0,01 -0,01 +1,00 +0,0 +0,0 +0,0
2025-08-20 11:10:30 CEST : >APLT : _08201110c...s...g...t077h61b10047 +0,01 -0,01 +1,00 +0,0 +0,0 +0,0
2025-08-20 11:12:30 CEST : >APLT : _08201112c...s...g...t077h61b10047 +0,01 -0,01 +1,00 +0,0 +0,0 +0,0
2025-08-20 11:14:30 CEST : >APLT : _08201114c...s...g...t077h61b10047 +0,01 -0,01 +1,00 +0,0 +0,0 +0,0
2025-08-20 11:16:30 CEST : >APLT : _08201116c...s...g...t077h61b10047 +0,01 -0,01 +1,00 +0,0 +0,0 +0,0
2025-08-20 11:18:30 CEST : >APLT : _08201118c...s...g...t077h61b10048 +0,01 -0,01 +1,00 +0,0 +0,0 +0,0
2025-08-20 11:20:30 CEST : >APLT : _08201120c...s...g...t077h61b10047 +0,01 -0,01 +1,00 +0,0 +0,0 +0,0
2025-08-20 11:22:30 CEST : >APLT : _08201122c...s...g...t077h61b10048 +0,01 -0,01 +1,00 +0,0 +0,0 +0,0
2025-08-20 11:24:30 CEST : >APLT : _08201124c...s...g...t077h62b10049 +0,01 -0,01 +1,00 +0,0 +0,0 +0,0
2025-08-20 11:26:30 CEST : >APLT : _08201126c...s...g...t077h62b10049 +0,01 -0,01 +1,00 +0,0 +0,0 +0,0
2025-08-20 11:28:30 CEST : >APLT : _08201128c...s...g...t077h62b10049 +0,01 -0,01 +1,00 +0,0 +0,0 +0,0
2025-08-20 11:30:30 CEST : >APLT : _08201130c...s...g...t077h62b10048 +0,01 -0,01 +1,00 +0,0 +0,0 +0,0
2025-08-20 11:32:30 CEST : >APLT : _08201132c...s...g...t077h62b10048 +0,01 -0,01 +1,00 +0,0 +0,0 +0,0
2025-08-20 11:34:30 CEST : >APLT : _08201134c...s...g...t077h63b10048 +0,01 -0,01 +1,00 +0,0 +0,0 +0,0
2025-08-20 11:36:30 CEST : >APLT : _08201136c...s...g...t077h64b10048 +0,01 -0,01 +1,00 +0,0 +0,0 +0,0
2025-08-20 11:38:30 CEST : >APLT : _08201138c...s...g...t077h63b10048 +0,01 -0,01 +1,00 +0,0 +0,0 +0,0
2025-08-20 11:40:30 CEST : >APLT : _08201140c...s...g...t077h63b10050 +0,01 -0,01 +1,00 +0,0 +0,0 +0,0
2025-08-20 11:42:30 CEST : >APLT : _08201142c...s...g...t077h63b10049 +0,01 -0,01 +1,00 +0,0 +0,0 +0,0
2025-08-20 11:44:30 CEST : >APLT : _08201144c...s...g...t077h63b10050 +0,01 -0,01 +1,00 -3,9 +0,0 +0,0
2025-08-20 11:46:30 CEST : >APLT : _08201146c...s...g...t077h63b10051 +0,01 -0,01 +1,00 +0,0 +0,0 +0,0
2025-08-20 11:48:30 CEST : >APLT : _08201148c...s...g...t077h63b10051 +0,01 -0,01 +1,00 +0,0 +0,0 +0,0
2025-08-20 11:50:30 CEST : >APLT : _08201150c...s...g...t077h63b10053 +0,01 -0,01 +1,00 +0,0 +0,0 +0,0
2025-08-20 11:52:30 CEST : >APLT : _08201152c...s...g...t077h63b10052 +0,01 -0,01 +1,00 +0,0 +0,0 +0,0
2025-08-20 11:54:30 CEST : >APLT : _08201154c...s...g...t077h63b10052 +0,01 -0,01 +1,00 +0,0 +0,0 +0,0
2025-08-20 11:56:30 CEST : >APLT : _08201156c...s...g...t077h63b10052 +0,01 -0,01 +1,00 +0,0 +0,0 +0,0
2025-08-20 11:58:30 CEST : >APLT : _08201158c...s...g...t077h64b10052 +0,01 -0,01 +1,00 +0,0 +0,0 +0,0
2025-08-20 12:00:30 CEST : >APLT : _08201200c...s...g...t077h63b10052 +0,01 -0,01 +1,00 +0,0 +0,0 +0,0
2025-08-20 12:02:30 CEST : >APLT : _08201202c...s...g...t077h63b10052 +0,01 -0,01 +1,00 +0,0 +0,0 +0,0
2025-08-20 12:04:30 CEST : >APLT : _08201204c...s...g...t077h63b10052 +0,01 -0,01 +1,00 +0,0 +0,0 +0,0
2025-08-20 12:06:30 CEST : >APLT : _08201206c...s...g...t077h63b10052 +0,01 -0,01 +1,00 +0,0 +0,0 +0,0
2025-08-20 12:08:30 CEST : >APLT : _08201208c...s...g...t077h64b10051 +0,01 -0,01 +1,00 +0,0 +0,0 +0,0
2025-08-20 12:10:30 CEST : >APLT : _08201210c...s...g...t077h64b10050 +0,01 -0,01 +1,00 +0,0 +0,0 +0,0
2025-08-20 12:12:30 CEST : >APLT : _08201212c...s...g...t077h64b10051 +0,01 -0,01 +1,00 +0,0 +0,0 +0,0
2025-08-20 12:14:30 CEST : >APLT : _08201214c...s...g...t077h64b10051 +0,01 -0,01 +1,00 +0,0 +0,0 +0,0
2025-08-20 12:16:30 CEST : >APLT : _08201216c...s...g...t077h65b10050 +0,01 -0,01 +1,00 -3,9 +0,0 +0,0
2025-08-20 12:18:30 CEST : >APLT : _08201218c...s...g...t077h64b10051 +0,01 -0,01 +1,00 +0,0 +0,0 +0,0
2025-08-20 12:20:30 CEST : >APLT : _08201220c...s...g...t077h64b10051 +0,01 -0,01 +1,00 +0,0 +0,0 +0,0
2025-08-20 12:22:30 CEST : >APLT : _08201222c...s...g...t077h65b10051 +0,01 -0,01 +1,00 +0,0 +0,0 +0,0
2025-08-20 12:24:30 CEST : >APLT : _08201224c...s...g...t076h65b10050 +0,01 -0,01 +1,00 +0,0 +0,0 +0,0
2025-08-20 12:26:30 CEST : >APLT : _08201226c...s...g...t076h66b10050 +0,01 -0,01 +1,00 +0,0 +0,0 +0,0
2025-08-20 12:28:31 CEST : >APLT : _08201228c...s...g...t076h66b10050 +0,01 -0,01 +1,00 +0,0 +0,0 +0,0
2025-08-20 12:30:30 CEST : >APLT : _08201230c...s...g...t076h66b10051 +0,01 -0,01 +1,00 +0,0 +0,0 +0,0
2025-08-20 12:32:30 CEST : >APLT : _08201232c...s...g...t076h66b10051 +0,01 -0,01 +1,00 +0,0 +0,0 +0,0
2025-08-20 12:34:30 CEST : >APLT : _08201234c...s...g...t076h66b10051 +0,01 -0,01 +1,00 +3,9 +0,0 +0,0
2025-08-20 12:36:30 CEST : >APLT : _08201236c...s...g...t076h65b10050 +0,01 -0,01 +1,00 +0,0 +0,0 +0,0
2025-08-20 12:38:30 CEST : >APLT : _08201238c...s...g...t077h65b10050 +0,01 -0,01 +1,00 +0,0 +0,0 +0,0
2025-08-20 12:40:30 CEST : >APLT : _08201240c...s...g...t077h65b10049 +0,01 -0,01 +1,00 +0,0 +0,0 +0,0
2025-08-20 12:42:30 CEST : >APLT : _08201242c...s...g...t077h65b10050 +0,01 -0,01 +1,00 +0,0 +0,0 +0,0
2025-08-20 12:44:30 CEST : >APLT : _08201244c...s...g...t077h66b10050 +0,01 -0,01 +1,00 +0,0 +0,0 +0,0
2025-08-20 12:46:30 CEST : >APLT : _08201246c...s...g...t077h66b10050 +0,01 -0,01 +1,00 +0,0 +0,0 +0,0
2025-08-20 12:48:30 CEST : >APLT : _08201248c...s...g...t077h66b10049 +0,01 -0,01 +1,00 +0,0 +0,0 +0,0
2025-08-20 12:50:30 CEST : >APLT : _08201250c...s...g...t077h66b10050 +0,01 -0,01 +1,00 +0,0 +0,0 +0,0
2025-08-20 12:52:30 CEST : >APLT : _08201252c...s...g...t077h66b10050 +0,01 -0,01 +1,00 +0,0 +0,0 +0,0
2025-08-20 12:54:30 CEST : >APLT : _08201254c...s...g...t077h66b10050 +0,01 -0,01 +1,00 +0,0 +0,0 +0,0
2025-08-20 12:56:30 CEST : >APLT : _08201256c...s...g...t077h66b10050 +0,01 -0,01 +1,00 +0,0 +0,0 +0,0
2025-08-20 12:58:30 CEST : >APLT : _08201258c...s...g...t077h66b10050 +0,01 -0,01 +1,00 +0,0 +0,0 +0,0
2025-08-20 13:00:30 CEST : >APLT : _08201300c...s...g...t077h65b10050 +0,01 -0,01 +1,00 +0,0 +0,0 +0,0
2025-08-20 13:02:30 CEST : >APLT : _08201302c...s...g...t077h66b10050 +0,01 -0,01 +1,00 +0,0 +0,0 +0,0
2025-08-20 13:04:30 CEST : >APLT : _08201304c...s...g...t077h66b10050 +0,01 -0,01 +1,00 +0,0 +0,0 +0,0
2025-08-20 13:06:30 CEST : >APLT : _08201306c...s...g...t077h66b10049 +0,01 -0,01 +1,00 +0,0 +0,0 +0,0
2025-08-20 13:08:30 CEST : >APLT : _08201308c...s...g...t077h66b10048 +0,01 -0,01 +1,00 +0,0 +0,0 +0,0
2025-08-20 13:10:30 CEST : >APLT : _08201310c...s...g...t077h65b10049 +0,01 -0,01 +1,00 +0,0 +0,0 +0,0
2025-08-20 13:12:30 CEST : >APLT : _08201312c...s...g...t077h66b10049 +0,01 -0,01 +1,00 +0,0 +0,0 +0,0
2025-08-20 13:14:30 CEST : >APLT : _08201314c...s...g...t077h67b10048 +0,01 -0,01 +1,00 +0,0 +0,0 +0,0
2025-08-20 13:16:30 CEST : >APLT : _08201316c...s...g...t077h66b10049 +0,01 -0,01 +1,00 +0,0 +0,0 +0,0
2025-08-20 13:18:30 CEST : >APLT : _08201318c...s...g...t077h67b10049 +0,01 -0,01 +1,00 +0,0 +0,0 +0,0
2025-08-20 13:20:30 CEST : >APLT : _08201320c...s...g...t077h66b10049 +0,01 -0,01 +1,00 +0,0 +0,0 +0,0
2025-08-20 13:22:30 CEST : >APLT : _08201322c...s...g...t077h66b10050 +0,01 -0,01 +1,00 +0,0 +0,0 +0,0
2025-08-20 13:24:30 CEST : >APLT : _08201324c...s...g...t077h66b10050 +0,01 -0,01 +1,00 +0,0 +0,0 +0,0
2025-08-20 13:26:30 CEST : >APLT : _08201326c...s...g...t077h66b10050 +0,01 -0,01 +1,00 +0,0 +0,0 +0,0
2025-08-20 13:28:30 CEST : >APLT : _08201328c...s...g...t077h65b10050 +0,01 -0,01 +1,00 +0,0 +0,0 +0,0
2025-08-20 13:30:30 CEST : >APLT : _08201330c...s...g...t077h66b10051 +0,01 -0,01 +1,00 +0,0 +0,0 +0,0
2025-08-20 13:32:30 CEST : >APLT : _08201332c...s...g...t077h65b10051 +0,01 -0,01 +1,00 +0,0 +0,0 +0,0
2025-08-20 13:34:30 CEST : >APLT : _08201334c...s...g...t077h66b10050 +0,01 -0,01 +1,00 +0,0 +0,0 +0,0
2025-08-20 13:36:30 CEST : >APLT : _08201336c...s...g...t077h65b10052 +0,01 -0,01 +1,00 +0,0 +0,0 +0,0
2025-08-20 13:38:30 CEST : >APLT : _08201338c...s...g...t077h66b10051 +0,01 -0,01 +1,00 +0,0 +0,0 +0,0
2025-08-20 13:40:30 CEST : >APLT : _08201340c...s...g...t077h66b10050 +0,01 -0,01 +1,00 +0,0 +0,0 +0,0
2025-08-20 13:42:30 CEST : >APLT : _08201342c...s...g...t077h66b10051 +0,01 -0,01 +1,00 +0,0 +0,0 +0,0
2025-08-20 13:44:30 CEST : >APLT : _08201344c...s...g...t077h66b10052 +0,01 -0,01 +1,00 +0,0 +0,0 +0,0
2025-08-20 13:46:30 CEST : >APLT : _08201346c...s...g...t077h65b10051 +0,01 -0,01 +1,00 +0,0 +0,0 +0,0
2025-08-20 13:48:30 CEST : >APLT : _08201348c...s...g...t077h66b10051 +0,01 -0,01 +1,00 +0,0 +0,0 +0,0
2025-08-20 13:50:30 CEST : >APLT : _08201350c...s...g...t077h66b10052 +0,01 -0,01 +1,00 +0,0 +0,0 +0,0
2025-08-20 13:52:30 CEST : >APLT : _08201352c...s...g...t077h66b10052 +0,01 -0,01 +1,00 +0,0 +0,0 +0,0
2025-08-20 13:54:30 CEST : >APLT : _08201354c...s...g...t078h64b10051 +0,01 -0,01 +1,00 +0,0 +0,0 +0,0
2025-08-20 13:56:30 CEST : >APLT : _08201356c...s...g...t078h65b10052 +0,01 -0,01 +1,00 +0,0 +0,0 +0,0
2025-08-20 13:58:30 CEST : >APLT : _08201358c...s...g...t078h63b10052 +0,01 -0,01 +1,00 +0,0 +0,0 +0,0
2025-08-20 14:00:30 CEST : >APLT : _08201400c...s...g...t078h63b10052 +0,01 -0,01 +1,00 +0,0 +0,0 +0,0
2025-08-20 14:02:30 CEST : >APLT : _08201402c...s...g...t078h63b10050 +0,01 -0,01 +1,00 +0,0 +0,0 +0,0
2025-08-20 14:04:30 CEST : >APLT : _08201404c...s...g...t078h62b10052 +0,01 -0,01 +1,00 +0,0 +0,0 +0,0
2025-08-20 14:06:30 CEST : >APLT : _08201406c...s...g...t078h63b10052 +0,01 -0,01 +1,00 +0,0 +0,0 +0,0
2025-08-20 14:08:30 CEST : >APLT : _08201408c...s...g...t078h62b10052 +0,01 -0,01 +1,00 +0,0 +0,0 +0,0
2025-08-20 14:10:30 CEST : >APLT : _08201410c...s...g...t078h62b10052 +0,01 -0,01 +1,00 +0,0 +0,0 +0,0
2025-08-20 14:12:30 CEST : >APLT : _08201412c...s...g...t078h62b10052 +0,01 -0,01 +1,00 +0,0 +0,0 +0,0
2025-08-20 14:14:30 CEST : >APLT : _08201414c...s...g...t079h62b10052 +0,01 -0,01 +1,00 +0,0 +0,0 +0,0
2025-08-20 14:16:30 CEST : >APLT : _08201416c...s...g...t079h62b10052 +0,01 -0,01 +1,00 +0,0 +0,0 +0,0
2025-08-20 14:18:30 CEST : >APLT : _08201418c...s...g...t079h62b10052 +0,01 -0,01 +1,00 +0,0 +0,0 +0,0
2025-08-20 14:20:30 CEST : >APLT : _08201420c...s...g...t079h61b10051 +0,01 -0,01 +1,00 +0,0 +0,0 +0,0
2025-08-20 14:22:30 CEST : >APLT : _08201422c...s...g...t079h61b10052 +0,01 -0,01 +1,00 +0,0 +0,0 +0,0
2025-08-20 14:24:31 CEST : >APLT : _08201424c...s...g...t079h61b10051 +0,01 -0,01 +1,00 +0,0 +0,0 +0,0
2025-08-20 14:26:30 CEST : >APLT : _08201426c...s...g...t079h61b10051 +0,01 -0,01 +1,00 +0,0 +0,0 +0,0
2025-08-20 14:28:30 CEST : >APLT : _08201428c...s...g...t079h61b10052 +0,01 -0,01 +1,00 +0,0 +0,0 +0,0
2025-08-20 14:30:30 CEST : >APLT : _08201430c...s...g...t079h61b10051 +0,01 -0,01 +1,00 +0,0 +0,0 +0,0
2025-08-20 14:32:30 CEST : >APLT : _08201432c...s...g...t079h61b10052 +0,01 -0,01 +1,00 +0,0 +0,0 +0,0
2025-08-20 14:34:30 CEST : >APLT : _08201434c...s...g...t079h61b10052 +0,01 -0,01 +1,00 +0,0 +0,0 +0,0
2025-08-20 14:36:30 CEST : >APLT : _08201436c...s...g...t079h61b10051 +0,01 -0,01 +1,00 +0,0 +0,0 +0,0
2025-08-20 14:38:30 CEST : >APLT : _08201438c...s...g...t079h61b10052 +0,01 -0,01 +1,00 +0,0 +0,0 +0,0
2025-08-20 14:40:30 CEST : >APLT : _08201440c...s...g...t079h60b10052 +0,01 -0,01 +1,00 +0,0 +0,0 +0,0
2025-08-20 14:42:30 CEST : >APLT : _08201442c...s...g...t079h61b10052 +0,01 -0,01 +1,00 +0,0 +0,0 +0,0
2025-08-20 14:44:30 CEST : >APLT : _08201444c...s...g...t079h61b10052 +0,01 -0,01 +1,00 +0,0 +0,0 +0,0
2025-08-20 14:46:30 CEST : >APLT : _08201446c...s...g...t079h60b10052 +0,01 -0,01 +0,97 +0,0 +0,0 +0,0
2025-08-20 14:48:30 CEST : >APLT : _08201448c...s...g...t079h60b10053 +0,01 -0,01 +1,00 +0,0 +0,0 +0,0
2025-08-20 14:50:30 CEST : >APLT : _08201450c...s...g...t079h60b10052 +0,01 -0,01 +1,00 +0,0 +0,0 +0,0
2025-08-20 14:52:30 CEST : >APLT : _08201452c...s...g...t079h61b10053 +0,01 -0,01 +1,00 +0,0 +0,0 +0,0
2025-08-20 14:54:30 CEST : >APLT : _08201454c...s...g...t079h60b10052 +0,01 -0,01 +1,00 +0,0 +0,0 +0,0
2025-08-20 14:56:30 CEST : >APLT : _08201456c...s...g...t079h61b10052 +0,01 -0,01 +1,00 +0,0 +0,0 +0,0
2025-08-20 14:58:30 CEST : >APLT : _08201458c...s...g...t079h61b10052 +0,01 -0,01 +1,00 +0,0 +0,0 +0,0
2025-08-20 15:00:30 CEST : >APLT : _08201500c...s...g...t079h60b10053 +0,01 -0,01 +1,00 +0,0 +0,0 +0,0
2025-08-20 15:02:30 CEST : >APLT : _08201502c...s...g...t079h61b10052 +0,01 -0,01 +1,00 +0,0 +0,0 +0,0
2025-08-20 15:04:30 CEST : >APLT : _08201504c...s...g...t079h60b10053 +0,01 -0,01 +1,00 +0,0 +0,0 +0,0
2025-08-20 15:06:30 CEST : >APLT : _08201506c...s...g...t079h60b10052 +0,01 -0,01 +1,00 +0,0 +0,0 +0,0
2025-08-20 15:08:30 CEST : >APLT : _08201508c...s...g...t079h61b10052 +0,01 -0,01 +1,00 +0,0 +0,0 +0,0
2025-08-20 15:10:30 CEST : >APLT : _08201510c...s...g...t079h61b10052 +0,01 -0,01 +1,00 +0,0 +0,0 +0,0
2025-08-20 15:12:30 CEST : >APLT : _08201512c...s...g...t079h61b10052 +0,01 -0,01 +1,00 +0,0 +0,0 +0,0
2025-08-20 15:14:30 CEST : >APLT : _08201514c...s...g...t079h60b10053 +0,01 -0,01 +1,00 +0,0 +0,0 +0,0
2025-08-20 15:16:30 CEST : >APLT : _08201516c...s...g...t079h60b10052 +0,01 -0,01 +1,00 +0,0 +0,0 +0,0
2025-08-20 15:18:30 CEST : >APLT : _08201518c...s...g...t079h60b10053 +0,01 -0,01 +1,00 +0,0 +0,0 +0,0
2025-08-20 15:20:30 CEST : >APLT : _08201520c...s...g...t079h60b10051 +0,01 -0,01 +1,00 +0,0 +0,0 +0,0
2025-08-20 15:22:30 CEST : >APLT : _08201522c...s...g...t079h61b10051 +0,01 -0,01 +1,00 +0,0 +0,0 +0,0
2025-08-20 15:24:30 CEST : >APLT : _08201524c...s...g...t079h60b10052 +0,01 -0,01 +1,00 +0,0 +0,0 +0,0
2025-08-20 15:26:30 CEST : >APLT : _08201526c...s...g...t079h60b10052 +0,01 -0,01 +1,00 +0,0 +0,0 +0,0
2025-08-20 15:28:30 CEST : >APLT : _08201528c...s...g...t079h60b10053 +0,01 -0,01 +1,00 +0,0 +0,0 +0,0
2025-08-20 15:30:30 CEST : >APLT : _08201530c...s...g...t079h61b10053 +0,01 -0,01 +1,00 +0,0 +0,0 +0,0
2025-08-20 15:32:30 CEST : >APLT : _08201532c...s...g...t079h60b10053 +0,01 -0,01 +1,00 +0,0 +0,0 +0,0
2025-08-20 15:34:30 CEST : >APLT : _08201534c...s...g...t079h60b10053 +0,01 -0,01 +1,00 +0,0 +0,0 +0,0
2025-08-20 15:36:30 CEST : >APLT : _08201536c...s...g...t079h60b10053 +0,01 -0,01 +1,00 +0,0 +0,0 +0,0
2025-08-20 15:38:30 CEST : >APLT : _08201538c...s...g...t079h60b10053 +0,01 -0,01 +1,00 +0,0 +0,0 +0,0
2025-08-20 15:40:30 CEST : >APLT : _08201540c...s...g...t079h60b10053 +0,01 -0,01 +1,00 +0,0 +0,0 +0,0
2025-08-20 15:42:30 CEST : >APLT : _08201542c...s...g...t079h59b10052 +0,01 -0,01 +1,00 +0,0 +0,0 +0,0
2025-08-20 15:44:30 CEST : >APLT : _08201544c...s...g...t080h59b10053 +0,01 -0,01 +1,00 +0,0 +0,0 +0,0
2025-08-20 15:46:30 CEST : >APLT : _08201546c...s...g...t079h60b10052 +0,01 -0,01 +1,00 +0,0 +0,0 +0,0
2025-08-20 15:48:30 CEST : >APLT : _08201548c...s...g...t080h60b10053 +0,01 -0,01 +1,00 +0,0 +0,0 +0,0
2025-08-20 15:50:30 CEST : >APLT : _08201550c...s...g...t080h59b10053 +0,01 -0,01 +1,00 +0,0 +0,0 +0,0
2025-08-20 15:52:30 CEST : >APLT : _08201552c...s...g...t079h60b10052 +0,01 -0,01 +1,00 +0,0 +0,0 +0,0
2025-08-20 15:54:30 CEST : >APLT : _08201554c...s...g...t079h60b10052 +0,01 -0,01 +1,00 +0,0 +0,0 +0,0
2025-08-20 15:56:30 CEST : >APLT : _08201556c...s...g...t080h60b10052 +0,01 -0,01 +1,00 +0,0 +0,0 +0,0
2025-08-20 15:58:30 CEST : >APLT : _08201558c...s...g...t080h59b10051 +0,01 -0,01 +1,00 +0,0 +0,0 +0,0
2025-08-20 16:00:30 CEST : >APLT : _08201600c...s...g...t080h59b10051 +0,01 -0,01 +1,00 +0,0 +0,0 +0,0
2025-08-20 16:02:30 CEST : >APLT : _08201602c...s...g...t080h59b10052 +0,01 -0,01 +1,00 +0,0 +0,0 +0,0
2025-08-20 16:04:30 CEST : >APLT : _08201604c...s...g...t080h59b10051 +0,01 -0,01 +1,00 +0,0 +0,0 +0,0
2025-08-20 16:06:30 CEST : >APLT : _08201606c...s...g...t080h59b10051 +0,01 -0,01 +1,00 +0,0 +0,0 +0,0
2025-08-20 16:08:30 CEST : >APLT : _08201608c...s...g...t080h59b10051 +0,01 -0,01 +1,00 +0,0 +0,0 +0,0
2025-08-20 16:10:30 CEST : >APLT : _08201610c...s...g...t080h59b10051 +0,01 -0,01 +1,00 +0,0 +0,0 +0,0
2025-08-20 16:12:30 CEST : >APLT : _08201612c...s...g...t080h59b10051 +0,01 -0,01 +1,00 +0,0 +0,0 +0,0
2025-08-20 16:14:30 CEST : >APLT : _08201614c...s...g...t080h59b10051 +0,01 -0,01 +1,00 +0,0 +0,0 +0,0
2025-08-20 16:16:30 CEST : >APLT : _08201616c...s...g...t080h59b10051 +0,01 -0,01 +1,00 +0,0 +0,0 +0,0
2025-08-20 16:18:30 CEST : >APLT : _08201618c...s...g...t080h59b10051 +0,01 -0,01 +1,00 +0,0 +0,0 +0,0
2025-08-20 16:20:30 CEST : >APLT : _08201620c...s...g...t080h59b10051 +0,01 -0,01 +1,00 +0,0 +0,0 +0,0
2025-08-20 16:22:30 CEST : >APLT : _08201622c...s...g...t079h61b10051 +0,01 -0,01 +1,00 +0,0 +0,0 +0,0
2025-08-20 16:24:30 CEST : >APLT : _08201624c...s...g...t079h60b10051 +0,01 -0,01 +1,00 +0,0 +0,0 +0,0
2025-08-20 16:26:30 CEST : >APLT : _08201626c...s...g...t079h61b10051 +0,01 -0,01 +1,00 +0,0 +0,0 +0,0
2025-08-20 16:28:30 CEST : >APLT : _08201628c...s...g...t079h60b10052 +0,01 -0,01 +1,00 +0,0 +0,0 +0,0
2025-08-20 16:30:30 CEST : >APLT : _08201630c...s...g...t079h60b10050 +0,01 -0,01 +1,00 +0,0 +0,0 +0,0
2025-08-20 16:32:30 CEST : >APLT : _08201632c...s...g...t080h60b10051 +0,01 -0,01 +1,00 +0,0 +0,0 +0,0
2025-08-20 16:34:30 CEST : >APLT : _08201634c...s...g...t080h59b10051 +0,01 -0,01 +1,00 +0,0 +0,0 +0,0
2025-08-20 16:36:30 CEST : >APLT : _08201636c...s...g...t080h59b10050 +0,01 -0,01 +1,00 +0,0 +0,0 +0,0
2025-08-20 16:38:30 CEST : >APLT : _08201638c...s...g...t080h59b10051 +0,01 -0,01 +1,00 +0,0 +0,0 +0,0
2025-08-20 16:40:30 CEST : >APLT : _08201640c...s...g...t080h59b10049 +0,01 -0,01 +1,00 +0,0 +0,0 +0,0
2025-08-20 16:42:30 CEST : >APLT : _08201642c...s...g...t080h59b10051 +0,01 -0,01 +1,00 +0,0 +0,0 +0,0
2025-08-20 16:44:30 CEST : >APLT : _08201644c...s...g...t080h59b10050 +0,01 -0,01 +1,00 +0,0 +0,0 +0,0
2025-08-20 16:46:30 CEST : >APLT : _08201646c...s...g...t080h59b10050 +0,01 -0,01 +0,97 +0,0 +0,0 +0,0
2025-08-20 16:48:30 CEST : >APLT : _08201648c...s...g...t080h59b10051 +0,01 -0,01 +1,00 +0,0 +0,0 +0,0
2025-08-20 16:50:30 CEST : >APLT : _08201650c...s...g...t080h59b10050 +0,01 -0,01 +1,00 +0,0 +0,0 +0,0
2025-08-20 16:52:30 CEST : >APLT : _08201652c...s...g...t080h60b10050 +0,01 -0,01 +1,00 +0,0 +0,0 +0,0
2025-08-20 16:54:30 CEST : >APLT : _08201654c...s...g...t080h60b10050 +0,01 -0,01 +1,00 +0,0 +0,0 +0,0
2025-08-20 16:56:30 CEST : >APLT : _08201656c...s...g...t079h60b10051 +0,01 -0,01 +1,00 +0,0 +0,0 +0,0
2025-08-20 16:58:30 CEST : >APLT : _08201658c...s...g...t079h60b10050 +0,01 -0,01 +1,00 +0,0 +0,0 +0,0
2025-08-20 17:00:30 CEST : >APLT : _08201700c...s...g...t080h60b10050 +0,01 -0,01 +1,00 +0,0 +0,0 +0,0
sensibilité : FS_4G : FS_500DPS
offset Acc : 1031 : 879 : 1075
offset Gyro : 208 : -34 : 34
/home/ballon/data/data_2025-08-20_17-02-56.csv
2025-08-20 17:02:56 CEST : >APLT : !4759.71N/00012.32EO/A=000246 Ballon_position_initiale
2025-08-20 17:04:30 CEST : >APLT : _08201704c...s...g...t079h60b10049 +0,01 -0,01 +1,00 +0,0 +0,0 +0,0
2025-08-20 17:06:30 CEST : >APLT : _08201706c...s...g...t079h60b10048 +0,01 -0,01 +1,00 +0,0 +0,0 +0,0
2025-08-20 17:08:30 CEST : >APLT : _08201708c...s...g...t079h61b10048 +0,01 -0,01 +1,00 +0,0 +0,0 +0,0
2025-08-20 17:10:30 CEST : >APLT : _08201710c...s...g...t079h60b10049 +0,01 -0,01 +1,00 +0,0 +0,0 +0,0
2025-08-20 17:12:30 CEST : >APLT : _08201712c...s...g...t079h60b10049 +0,01 -0,01 +1,00 +0,0 +0,0 +0,0
2025-08-20 17:14:30 CEST : >APLT : _08201714c...s...g...t079h60b10048 +0,01 -0,01 +1,00 +0,0 +0,0 +0,0
2025-08-20 17:16:30 CEST : >APLT : _08201716c...s...g...t080h60b10048 +0,01 -0,01 +1,00 +0,0 +0,0 +0,0
2025-08-20 17:18:30 CEST : >APLT : _08201718c...s...g...t080h60b10048 +0,01 -0,01 +1,00 +0,0 +0,0 +0,0
2025-08-20 17:20:30 CEST : >APLT : _08201720c...s...g...t080h60b10047 +0,01 -0,01 +1,00 +0,0 +0,0 +0,0
2025-08-20 17:22:30 CEST : >APLT : _08201722c...s...g...t079h60b10048 +0,01 -0,01 +1,00 +0,0 +0,0 +0,0
2025-08-20 17:24:30 CEST : >APLT : _08201724c...s...g...t079h61b10047 +0,01 -0,01 +1,00 +0,0 +0,0 +0,0
2025-08-20 17:26:30 CEST : >APLT : _08201726c...s...g...t080h60b10047 +0,01 -0,01 +1,00 +0,0 +0,0 +0,0
2025-08-20 17:28:30 CEST : >APLT : _08201728c...s...g...t080h59b10046 +0,01 -0,01 +1,00 +0,0 +0,0 +0,0
2025-08-20 17:30:30 CEST : >APLT : _08201730c...s...g...t080h59b10046 +0,01 -0,01 +1,00 +0,0 +0,0 +0,0
2025-08-20 17:32:30 CEST : >APLT : _08201732c...s...g...t080h59b10046 +0,01 -0,01 +1,00 +0,0 +0,0 +0,0
2025-08-20 17:34:30 CEST : >APLT : _08201734c...s...g...t080h60b10046 +0,01 -0,01 +1,00 +0,0 +0,0 +0,0
2025-08-20 17:36:30 CEST : >APLT : _08201736c...s...g...t080h59b10045 +0,01 -0,01 +1,00 +0,0 +0,0 +0,0
2025-08-20 17:38:30 CEST : >APLT : _08201738c...s...g...t080h59b10045 +0,01 -0,01 +1,00 +0,0 +0,0 +0,0
2025-08-20 17:40:30 CEST : >APLT : _08201740c...s...g...t080h59b10046 +0,01 -0,01 +1,00 +0,0 +0,0 +0,0
2025-08-20 17:42:30 CEST : >APLT : _08201742c...s...g...t080h59b10045 +0,01 -0,01 +1,00 +0,0 +0,0 +0,0
2025-08-20 17:44:30 CEST : >APLT : _08201744c...s...g...t080h59b10046 +0,01 -0,01 +1,00 +0,0 +0,0 +0,0
2025-08-20 17:46:30 CEST : >APLT : _08201746c...s...g...t080h59b10045 +0,01 -0,01 +1,03 +0,0 +0,0 +0,0
2025-08-20 17:48:30 CEST : >APLT : _08201748c...s...g...t080h59b10044 +0,01 -0,01 +1,00 +0,0 +0,0 +0,0
2025-08-20 17:50:30 CEST : >APLT : _08201750c...s...g...t080h60b10046 +0,01 -0,01 +1,00 +0,0 +0,0 +0,0
2025-08-20 17:52:30 CEST : >APLT : _08201752c...s...g...t080h60b10044 +0,01 -0,01 +1,00 +0,0 +0,0 +0,0
2025-08-20 17:54:30 CEST : >APLT : _08201754c...s...g...t079h61b10046 +0,01 -0,01 +1,00 +0,0 +0,0 +0,0
2025-08-20 17:56:30 CEST : >APLT : _08201756c...s...g...t080h60b10045 +0,01 -0,01 +1,00 +0,0 +0,0 +0,0
2025-08-20 17:58:30 CEST : >APLT : _08201758c...s...g...t080h60b10044 +0,01 -0,01 +1,00 +0,0 +0,0 +0,0
2025-08-20 18:00:30 CEST : >APLT : _08201800c...s...g...t080h59b10044 +0,01 -0,01 +1,00 +0,0 +0,0 +0,0
2025-08-20 18:02:30 CEST : >APLT : _08201802c...s...g...t080h59b10044 +0,01 -0,01 +1,00 +0,0 +0,0 +0,0
2025-08-20 18:04:30 CEST : >APLT : _08201804c...s...g...t080h59b10043 +0,01 -0,01 +1,00 +0,0 +0,0 +0,0
2025-08-20 18:06:30 CEST : >APLT : _08201806c...s...g...t080h60b10044 +0,01 -0,01 +1,00 +0,0 +0,0 +0,0
2025-08-20 18:08:30 CEST : >APLT : _08201808c...s...g...t080h60b10043 +0,01 -0,01 +1,00 +0,0 +0,0 +0,0
2025-08-20 18:10:30 CEST : >APLT : _08201810c...s...g...t080h60b10044 +0,01 -0,01 +1,00 +0,0 +0,0 +0,0
2025-08-20 18:12:30 CEST : >APLT : _08201812c...s...g...t080h60b10043 +0,01 -0,01 +1,00 +0,0 +0,0 +0,0
2025-08-20 18:14:30 CEST : >APLT : _08201814c...s...g...t080h59b10043 +0,01 -0,01 +1,00 +0,0 +0,0 +0,0
2025-08-20 18:16:30 CEST : >APLT : _08201816c...s...g...t080h60b10043 +0,01 -0,01 +1,00 +0,0 +0,0 +0,0
2025-08-20 18:18:30 CEST : >APLT : _08201818c...s...g...t079h61b10044 +0,01 -0,01 +1,00 +0,0 +0,0 +0,0
2025-08-20 18:20:30 CEST : >APLT : _08201820c...s...g...t079h61b10044 +0,01 -0,01 +1,00 +0,0 +0,0 +0,0
2025-08-20 18:22:30 CEST : >APLT : _08201822c...s...g...t080h61b10044 +0,01 -0,01 +1,00 +0,0 +0,0 +0,0
2025-08-20 18:24:30 CEST : >APLT : _08201824c...s...g...t080h60b10043 +0,01 -0,01 +1,00 +0,0 +0,0 +0,0
2025-08-20 18:26:30 CEST : >APLT : _08201826c...s...g...t080h60b10043 +0,01 -0,01 +1,00 +0,0 +0,0 +0,0
2025-08-20 18:28:30 CEST : >APLT : _08201828c...s...g...t080h60b10043 +0,01 -0,01 +1,00 +0,0 +0,0 +0,0
2025-08-20 18:30:30 CEST : >APLT : _08201830c...s...g...t080h60b10045 +0,01 -0,01 +1,00 +0,0 +0,0 +0,0
2025-08-20 18:32:30 CEST : >APLT : _08201832c...s...g...t080h59b10043 +0,01 -0,01 +1,00 +0,0 +0,0 +0,0
2025-08-20 18:34:30 CEST : >APLT : _08201834c...s...g...t080h60b10043 +0,01 -0,01 +1,00 +0,0 +0,0 +0,0
2025-08-20 18:36:30 CEST : >APLT : _08201836c...s...g...t080h59b10044 +0,01 -0,01 +1,00 +0,0 +0,0 +0,0
2025-08-20 18:38:30 CEST : >APLT : _08201838c...s...g...t080h59b10043 +0,01 -0,01 +1,00 +0,0 +0,0 +0,0
2025-08-20 18:40:30 CEST : >APLT : _08201840c...s...g...t080h60b10044 +0,01 -0,01 +1,00 +0,0 +0,0 +0,0
2025-08-20 18:42:30 CEST : >APLT : _08201842c...s...g...t080h60b10044 +0,01 -0,01 +1,00 +0,0 +0,0 +0,0
2025-08-20 18:44:30 CEST : >APLT : _08201844c...s...g...t080h60b10044 +0,01 -0,01 +1,00 +0,0 +0,0 +0,0
2025-08-20 18:46:30 CEST : >APLT : _08201846c...s...g...t080h60b10045 +0,01 -0,01 +1,00 +0,0 +0,0 +0,0
2025-08-20 18:48:30 CEST : >APLT : _08201848c...s...g...t080h60b10045 +0,01 -0,01 +1,00 +0,0 +0,0 +0,0
2025-08-20 18:50:30 CEST : >APLT : _08201850c...s...g...t080h60b10045 +0,01 -0,01 +1,00 +0,0 +0,0 +0,0
2025-08-20 18:52:30 CEST : >APLT : _08201852c...s...g...t080h60b10044 +0,01 -0,01 +1,00 +0,0 +0,0 +0,0
2025-08-20 18:54:30 CEST : >APLT : _08201854c...s...g...t080h60b10044 +0,01 -0,01 +1,00 +0,0 +0,0 +0,0
2025-08-20 18:56:30 CEST : >APLT : _08201856c...s...g...t080h60b10043 +0,01 -0,01 +1,00 +0,0 +0,0 +0,0
2025-08-20 18:58:30 CEST : >APLT : _08201858c...s...g...t080h60b10043 +0,01 -0,01 +1,00 +0,0 +0,0 +0,0
2025-08-20 19:00:30 CEST : >APLT : _08201900c...s...g...t080h60b10043 +0,01 -0,01 +1,00 +0,0 +0,0 +0,0
2025-08-20 19:02:30 CEST : >APLT : _08201902c...s...g...t080h60b10043 +0,01 -0,01 +1,00 +0,0 +0,0 +0,0
2025-08-20 19:04:30 CEST : >APLT : _08201904c...s...g...t080h59b10042 +0,01 -0,01 +1,00 +0,0 +0,0 +0,0
2025-08-20 19:06:30 CEST : >APLT : _08201906c...s...g...t080h60b10043 +0,01 -0,01 +1,00 +0,0 +0,0 +0,0
2025-08-20 19:08:30 CEST : >APLT : _08201908c...s...g...t080h60b10044 +0,01 -0,01 +1,00 +0,0 +0,0 +0,0
2025-08-20 19:10:30 CEST : >APLT : _08201910c...s...g...t080h60b10044 +0,01 -0,01 +1,00 +0,0 +0,0 +0,0
2025-08-20 19:12:30 CEST : >APLT : _08201912c...s...g...t079h60b10044 +0,01 -0,01 +1,00 +0,0 +0,0 +0,0
2025-08-20 19:14:30 CEST : >APLT : _08201914c...s...g...t079h61b10043 +0,01 -0,01 +1,00 +0,0 +0,0 +0,0
2025-08-20 19:16:30 CEST : >APLT : _08201916c...s...g...t079h61b10044 +0,01 -0,01 +1,00 +0,0 +0,0 +0,0
2025-08-20 19:18:30 CEST : >APLT : _08201918c...s...g...t079h61b10043 +0,01 -0,01 +1,00 +0,0 +0,0 +0,0
2025-08-20 19:20:30 CEST : >APLT : _08201920c...s...g...t079h61b10044 +0,01 -0,01 +1,00 +0,0 +0,0 +0,0
2025-08-20 19:22:30 CEST : >APLT : _08201922c...s...g...t079h61b10044 +0,01 -0,01 +1,00 +0,0 +0,0 +0,0
2025-08-20 19:24:30 CEST : >APLT : _08201924c...s...g...t080h60b10043 +0,01 -0,01 +1,00 +0,0 +0,0 +0,0
2025-08-20 19:26:30 CEST : >APLT : _08201926c...s...g...t080h60b10044 +0,01 -0,01 +1,00 +0,0 +0,0 +0,0
2025-08-20 19:28:30 CEST : >APLT : _08201928c...s...g...t080h59b10044 +0,01 -0,01 +1,00 +0,0 +0,0 +0,0
2025-08-20 19:30:30 CEST : >APLT : _08201930c...s...g...t080h59b10043 +0,01 -0,01 +1,00 +0,0 +0,0 +0,0
2025-08-20 19:32:30 CEST : >APLT : _08201932c...s...g...t080h60b10044 +0,01 -0,01 +1,00 +0,0 +0,0 +0,0
2025-08-20 19:34:30 CEST : >APLT : _08201934c...s...g...t080h59b10043 +0,01 -0,01 +1,00 +0,0 +0,0 +0,0
2025-08-20 19:36:30 CEST : >APLT : _08201936c...s...g...t080h59b10044 +0,01 -0,01 +1,00 +0,0 +0,0 +0,0
2025-08-20 19:38:30 CEST : >APLT : _08201938c...s...g...t080h59b10044 +0,01 -0,01 +1,00 +0,0 +0,0 +0,0
2025-08-20 19:40:30 CEST : >APLT : _08201940c...s...g...t080h59b10043 +0,01 -0,01 +1,00 +0,0 +0,0 +0,0
2025-08-20 19:42:30 CEST : >APLT : _08201942c...s...g...t080h59b10044 +0,01 -0,01 +1,00 +0,0 +0,0 +0,0
2025-08-20 19:44:30 CEST : >APLT : _08201944c...s...g...t080h59b10045 +0,01 -0,01 +1,00 +0,0 +0,0 +0,0
2025-08-20 19:46:30 CEST : >APLT : _08201946c...s...g...t080h59b10045 +0,01 -0,01 +1,00 +0,0 +0,0 +0,0
2025-08-20 19:48:30 CEST : >APLT : _08201948c...s...g...t080h59b10045 +0,01 -0,01 +1,00 +0,0 +0,0 +0,0
2025-08-20 19:50:30 CEST : >APLT : _08201950c...s...g...t080h59b10044 +0,01 -0,01 +1,00 +0,0 +0,0 +0,0
2025-08-20 19:52:30 CEST : >APLT : _08201952c...s...g...t080h59b10044 +0,01 -0,01 +1,00 +0,0 +0,0 +0,0
2025-08-20 19:54:30 CEST : >APLT : _08201954c...s...g...t080h59b10045 +0,01 -0,01 +1,00 +0,0 +0,0 +0,0
2025-08-20 19:56:30 CEST : >APLT : _08201956c...s...g...t080h59b10046 +0,01 -0,01 +1,00 +0,0 +0,0 +0,0
2025-08-20 19:58:30 CEST : >APLT : _08201958c...s...g...t080h60b10045 +0,01 -0,01 +1,00 +0,0 +0,0 +0,0
2025-08-20 20:00:30 CEST : >APLT : _08202000c...s...g...t080h59b10046 +0,01 -0,01 +1,00 +0,0 +0,0 +0,0
2025-08-20 20:02:30 CEST : >APLT : _08202002c...s...g...t080h60b10045 +0,01 -0,01 +1,00 +0,0 +0,0 +0,0
2025-08-20 20:04:30 CEST : >APLT : _08202004c...s...g...t080h59b10046 +0,01 -0,01 +1,00 +0,0 +0,0 +0,0
2025-08-20 20:06:30 CEST : >APLT : _08202006c...s...g...t080h59b10046 +0,01 -0,01 +1,00 +0,0 +0,0 +0,0
2025-08-20 20:08:30 CEST : >APLT : _08202008c...s...g...t080h59b10046 +0,01 -0,01 +1,00 +0,0 +0,0 +0,0
2025-08-20 20:10:30 CEST : >APLT : _08202010c...s...g...t080h59b10046 +0,01 -0,01 +1,00 +0,0 +0,0 +0,0
2025-08-20 20:12:30 CEST : >APLT : _08202012c...s...g...t080h60b10047 +0,01 -0,01 +1,00 +0,0 +0,0 +0,0
2025-08-20 20:14:30 CEST : >APLT : _08202014c...s...g...t080h59b10047 +0,01 -0,01 +1,00 +0,0 +0,0 +0,0
2025-08-20 20:16:30 CEST : >APLT : _08202016c...s...g...t080h60b10047 +0,01 -0,01 +1,00 +0,0 +0,0 +0,0
2025-08-20 20:18:30 CEST : >APLT : _08202018c...s...g...t080h59b10047 +0,01 -0,01 +1,00 +0,0 +0,0 +0,0
2025-08-20 20:20:30 CEST : >APLT : _08202020c...s...g...t080h59b10047 +0,01 -0,01 +1,00 +0,0 +0,0 +0,0
2025-08-20 20:22:30 CEST : >APLT : _08202022c...s...g...t080h59b10047 +0,01 -0,01 +1,00 +0,0 +0,0 +0,0
2025-08-20 20:24:30 CEST : >APLT : _08202024c...s...g...t080h60b10047 +0,01 -0,01 +1,00 +0,0 +0,0 +0,0
2025-08-20 20:26:30 CEST : >APLT : _08202026c...s...g...t080h60b10049 +0,01 -0,01 +1,00 +0,0 +0,0 +0,0
2025-08-20 20:28:30 CEST : >APLT : _08202028c...s...g...t080h59b10048 +0,01 -0,01 +1,00 +0,0 +0,0 +0,0
2025-08-20 20:30:30 CEST : >APLT : _08202030c...s...g...t080h59b10048 +0,01 -0,01 +1,00 +0,0 +0,0 +0,0
2025-08-20 20:32:30 CEST : >APLT : _08202032c...s...g...t080h60b10049 +0,01 -0,01 +1,00 +0,0 +0,0 +0,0
2025-08-20 20:34:30 CEST : >APLT : _08202034c...s...g...t080h59b10049 +0,01 -0,01 +1,00 +0,0 +0,0 +0,0
2025-08-20 20:36:30 CEST : >APLT : _08202036c...s...g...t080h59b10050 +0,01 -0,01 +1,03 +0,0 +0,0 +0,0
2025-08-20 20:38:30 CEST : >APLT : _08202038c...s...g...t080h59b10050 +0,01 -0,01 +1,00 +0,0 +0,0 +0,0
2025-08-20 20:40:30 CEST : >APLT : _08202040c...s...g...t080h60b10050 +0,01 -0,01 +1,00 +0,0 +0,0 +0,0
2025-08-20 20:42:30 CEST : >APLT : _08202042c...s...g...t080h60b10050 +0,01 -0,01 +1,00 +0,0 +0,0 +0,0
2025-08-20 20:44:30 CEST : >APLT : _08202044c...s...g...t080h59b10049 +0,01 -0,01 +1,00 +0,0 +0,0 +0,0
2025-08-20 20:46:30 CEST : >APLT : _08202046c...s...g...t080h59b10050 +0,01 -0,01 +1,00 +0,0 +0,0 +0,0
2025-08-20 20:48:30 CEST : >APLT : _08202048c...s...g...t080h59b10050 +0,01 -0,01 +1,00 +0,0 +0,0 +0,0
2025-08-20 20:50:30 CEST : >APLT : _08202050c...s...g...t080h59b10050 +0,01 -0,01 +1,00 +0,0 +0,0 +0,0
2025-08-20 20:52:30 CEST : >APLT : _08202052c...s...g...t080h59b10051 +0,01 -0,01 +1,00 +0,0 +0,0 +0,0
2025-08-20 20:54:30 CEST : >APLT : _08202054c...s...g...t080h59b10051 +0,01 -0,01 +1,00 +0,0 +0,0 +0,0
2025-08-20 20:56:30 CEST : >APLT : _08202056c...s...g...t080h59b10052 +0,01 -0,01 +1,00 +0,0 +0,0 +0,0
2025-08-20 20:58:30 CEST : >APLT : _08202058c...s...g...t080h59b10051 +0,01 -0,01 +1,00 +0,0 +0,0 +0,0
2025-08-20 21:00:30 CEST : >APLT : _08202100c...s...g...t080h60b10050 +0,01 -0,01 +1,00 +0,0 +0,0 +0,0
2025-08-20 21:02:30 CEST : >APLT : _08202102c...s...g...t080h59b10051 +0,01 -0,01 +1,00 +0,0 +0,0 +0,0
2025-08-20 21:04:30 CEST : >APLT : _08202104c...s...g...t080h60b10050 +0,01 -0,01 +1,00 +0,0 +0,0 +0,0
2025-08-20 21:06:30 CEST : >APLT : _08202106c...s...g...t080h59b10050 +0,01 -0,01 +1,00 +0,0 +0,0 +0,0
2025-08-20 21:08:30 CEST : >APLT : _08202108c...s...g...t080h60b10051 +0,01 -0,01 +1,00 +0,0 +0,0 +0,0
2025-08-20 21:10:30 CEST : >APLT : _08202110c...s...g...t080h59b10051 +0,01 -0,01 +1,00 +0,0 +0,0 +0,0
2025-08-20 21:12:30 CEST : >APLT : _08202112c...s...g...t080h59b10051 +0,01 -0,01 +1,00 +0,0 +0,0 +0,0
2025-08-20 21:14:30 CEST : >APLT : _08202114c...s...g...t080h59b10051 +0,01 -0,01 +1,00 +0,0 +0,0 +0,0
2025-08-20 21:16:30 CEST : >APLT : _08202116c...s...g...t080h60b10051 +0,01 -0,01 +1,00 +0,0 +0,0 +0,0
2025-08-20 21:18:30 CEST : >APLT : _08202118c...s...g...t080h59b10051 +0,01 -0,01 +1,00 +0,0 +0,0 +0,0
2025-08-20 21:20:30 CEST : >APLT : _08202120c...s...g...t080h60b10052 +0,01 -0,01 +1,00 +0,0 +0,0 +0,0
2025-08-20 21:22:30 CEST : >APLT : _08202122c...s...g...t080h60b10051 +0,01 -0,01 +1,00 +0,0 +0,0 +0,0
2025-08-20 21:24:30 CEST : >APLT : _08202124c...s...g...t080h59b10052 +0,01 -0,01 +1,00 +0,0 +0,0 +0,0
2025-08-20 21:26:30 CEST : >APLT : _08202126c...s...g...t080h60b10054 +0,01 -0,01 +1,00 +0,0 +0,0 +0,0
2025-08-20 21:28:30 CEST : >APLT : _08202128c...s...g...t080h60b10053 +0,01 -0,01 +1,00 +0,0 +0,0 +0,0
2025-08-20 21:30:30 CEST : >APLT : _08202130c...s...g...t080h60b10054 +0,01 -0,01 +1,00 +0,0 +0,0 +0,0
2025-08-20 21:32:30 CEST : >APLT : _08202132c...s...g...t080h60b10054 +0,01 -0,01 +1,00 +0,0 +0,0 +0,0
2025-08-20 21:34:30 CEST : >APLT : _08202134c...s...g...t080h60b10055 +0,01 -0,01 +1,00 +0,0 +0,0 +0,0
2025-08-20 21:36:30 CEST : >APLT : _08202136c...s...g...t080h60b10055 +0,01 -0,01 +1,00 +0,0 +0,0 +0,0
2025-08-20 21:38:30 CEST : >APLT : _08202138c...s...g...t080h60b10055 +0,01 -0,01 +1,00 +0,0 +0,0 +0,0
2025-08-20 21:40:30 CEST : >APLT : _08202140c...s...g...t080h60b10056 +0,01 -0,01 +1,00 +0,0 +0,0 +0,0
2025-08-20 21:42:30 CEST : >APLT : _08202142c...s...g...t080h60b10056 +0,01 -0,01 +1,00 +0,0 +0,0 +0,0
sensibilité : FS_4G : FS_500DPS
offset Acc : 1031 : 879 : 1075
offset Gyro : 208 : -34 : 34
/home/ballon/data/data_2025-08-21_14-44-21.csv
2025-08-21 14:44:21 CEST : >APLT : !4759.71N/00012.32EO/A=000246 Ballon_position_initiale
:f4kmn    :Zero Motion detected 
2025-08-21 14:44:30 CEST : >APLT : _08211444c...s...g...t073h55b10054 +0,01 -0,01 +1,00 +0,0 +0,0 +0,0
2025-08-21 14:46:30 CEST : >APLT : _08211446c...s...g...t077h55b10080 +0,01 -0,01 +1,00 +0,0 +0,0 +0,0
2025-08-21 14:48:30 CEST : >APLT : _08211448c...s...g...t077h53b10081 +0,01 -0,01 +1,00 +0,0 +0,0 +0,0
2025-08-21 14:50:30 CEST : >APLT : _08211450c...s...g...t078h52b10081 +0,01 -0,01 +1,00 +0,0 +0,0 +0,0
2025-08-21 14:52:30 CEST : >APLT : _08211452c...s...g...t078h52b10081 +0,01 -0,01 +1,00 +0,0 +0,0 +0,0
2025-08-21 14:54:30 CEST : >APLT : _08211454c...s...g...t079h51b10081 +0,01 -0,01 +1,00 +0,0 +0,0 +0,0
2025-08-21 14:56:30 CEST : >APLT : _08211456c...s...g...t079h50b10082 +0,01 -0,01 +1,00 +0,0 +3,9 +0,0
2025-08-21 14:58:30 CEST : >APLT : _08211458c...s...g...t079h49b10081 +0,01 -0,01 +1,00 +0,0 +0,0 +0,0
2025-08-21 15:00:30 CEST : >APLT : _08211500c...s...g...t079h49b10081 +0,01 -0,01 +1,00 +0,0 +0,0 +0,0
2025-08-21 15:02:30 CEST : >APLT : _08211502c...s...g...t079h49b10080 +0,01 -0,01 +1,00 +0,0 +0,0 +0,0
2025-08-21 15:04:30 CEST : >APLT : _08211504c...s...g...t079h49b10081 +0,01 -0,01 +1,00 +0,0 +0,0 +0,0
2025-08-21 15:06:30 CEST : >APLT : _08211506c...s...g...t080h48b10081 +0,01 -0,01 +1,00 +0,0 +0,0 +0,0
2025-08-21 15:08:30 CEST : >APLT : _08211508c...s...g...t080h49b10081 +0,01 -0,01 +1,00 +0,0 +0,0 +0,0
2025-08-21 15:10:30 CEST : >APLT : _08211510c...s...g...t080h49b10081 +0,01 -0,01 +1,00 +0,0 +0,0 +0,0
2025-08-21 15:12:30 CEST : >APLT : _08211512c...s...g...t080h48b10082 +0,01 -0,01 +1,00 +0,0 +0,0 +0,0
2025-08-21 15:14:30 CEST : >APLT : _08211514c...s...g...t080h49b10082 +0,01 -0,01 +1,00 +0,0 +0,0 +0,0
2025-08-21 15:16:30 CEST : >APLT : _08211516c...s...g...t080h48b10081 +0,01 -0,01 +1,00 +0,0 +0,0 +0,0
2025-08-21 15:18:30 CEST : >APLT : _08211518c...s...g...t080h48b10082 +0,01 -0,01 +1,00 +0,0 +0,0 +0,0
2025-08-21 15:20:31 CEST : >APLT : _08211520c...s...g...t080h48b10082 +0,01 -0,01 +1,00 +0,0 +0,0 +0,0
2025-08-21 15:22:30 CEST : >APLT : _08211522c...s...g...t080h48b10081 +0,01 -0,01 +1,00 +0,0 +0,0 +0,0
2025-08-21 15:24:30 CEST : >APLT : _08211524c...s...g...t079h48b10082 +0,01 -0,01 +1,00 +0,0 +0,0 +0,0
2025-08-21 15:26:30 CEST : >APLT : _08211526c...s...g...t080h48b10081 +0,01 -0,01 +1,00 +0,0 +0,0 +0,0
2025-08-21 15:28:30 CEST : >APLT : _08211528c...s...g...t080h48b10082 +0,01 -0,01 +1,00 +0,0 +0,0 +0,0
2025-08-21 15:30:30 CEST : >APLT : _08211530c...s...g...t080h48b10081 +0,01 -0,01 +1,00 +0,0 +0,0 +0,0
2025-08-21 15:32:30 CEST : >APLT : _08211532c...s...g...t079h48b10082 +0,01 -0,01 +1,00 +0,0 +0,0 +0,0
2025-08-21 15:34:30 CEST : >APLT : _08211534c...s...g...t079h49b10082 +0,01 -0,01 +1,00 +0,0 +0,0 +0,0
2025-08-21 15:36:30 CEST : >APLT : _08211536c...s...g...t079h49b10081 +0,01 -0,01 +1,00 +0,0 +0,0 +0,0
2025-08-21 15:38:30 CEST : >APLT : _08211538c...s...g...t079h48b10081 +0,01 -0,01 +1,00 +0,0 +0,0 +0,0
2025-08-21 15:40:30 CEST : >APLT : _08211540c...s...g...t080h48b10081 +0,01 -0,01 +1,00 +0,0 +0,0 +0,0
2025-08-21 15:42:30 CEST : >APLT : _08211542c...s...g...t080h47b10080 +0,01 -0,01 +1,03 +0,0 +0,0 +0,0
2025-08-21 15:44:30 CEST : >APLT : _08211544c...s...g...t080h47b10081 +0,01 -0,01 +1,00 +0,0 +0,0 +0,0
2025-08-21 15:46:30 CEST : >APLT : _08211546c...s...g...t080h47b10080 +0,01 -0,01 +1,00 +0,0 +0,0 +0,0
2025-08-21 15:48:30 CEST : >APLT : _08211548c...s...g...t080h47b10080 +0,01 -0,01 +1,00 -3,9 +0,0 +0,0
2025-08-21 15:50:30 CEST : >APLT : _08211550c...s...g...t080h46b10081 +0,01 -0,01 +1,00 -3,9 +0,0 +0,0
2025-08-21 15:52:30 CEST : >APLT : _08211552c...s...g...t080h47b10080 +0,01 -0,01 +1,00 +0,0 +0,0 +0,0
2025-08-21 15:54:30 CEST : >APLT : _08211554c...s...g...t080h47b10081 +0,01 -0,01 +1,00 +0,0 +0,0 +0,0
2025-08-21 15:56:30 CEST : >APLT : _08211556c...s...g...t080h47b10080 +0,01 -0,01 +1,00 +0,0 +0,0 +0,0
2025-08-21 15:58:31 CEST : >APLT : _08211558c...s...g...t080h47b10080 +0,01 -0,01 +1,00 +0,0 +0,0 +0,0
2025-08-21 16:00:30 CEST : >APLT : _08211600c...s...g...t080h46b10082 +0,01 -0,01 +1,00 +0,0 +0,0 +0,0
2025-08-21 16:02:30 CEST : >APLT : _08211602c...s...g...t080h47b10080 +0,01 -0,01 +1,00 +0,0 +0,0 +0,0
2025-08-21 16:04:30 CEST : >APLT : _08211604c...s...g...t079h47b10082 +0,01 -0,01 +1,00 +0,0 +0,0 +0,0
2025-08-21 16:06:30 CEST : >APLT : _08211606c...s...g...t079h47b10081 +0,01 -0,01 +1,00 +0,0 +0,0 +0,0
2025-08-21 16:08:30 CEST : >APLT : _08211608c...s...g...t079h47b10081 +0,01 -0,01 +1,00 +0,0 +0,0 +0,0
2025-08-21 16:10:30 CEST : >APLT : _08211610c...s...g...t079h47b10082 +0,01 -0,01 +1,00 +0,0 +0,0 +0,0
2025-08-21 16:12:30 CEST : >APLT : _08211612c...s...g...t080h46b10081 +0,01 -0,01 +1,00 +0,0 +0,0 +0,0
2025-08-21 16:14:30 CEST : >APLT : _08211614c...s...g...t080h46b10082 +0,01 -0,01 +1,00 +0,0 +0,0 +0,0
2025-08-21 16:16:30 CEST : >APLT : _08211616c...s...g...t079h46b10082 +0,01 -0,01 +1,00 +0,0 +0,0 +0,0
2025-08-21 16:18:30 CEST : >APLT : _08211618c...s...g...t079h47b10082 +0,01 -0,01 +1,00 +0,0 +0,0 +0,0
2025-08-21 16:20:30 CEST : >APLT : _08211620c...s...g...t079h47b10082 +0,01 -0,01 +1,00 +0,0 +0,0 +0,0
2025-08-21 16:22:30 CEST : >APLT : _08211622c...s...g...t079h46b10083 +0,01 -0,01 +1,00 +3,9 +0,0 +0,0
2025-08-21 16:24:30 CEST : >APLT : _08211624c...s...g...t080h46b10083 +0,01 -0,01 +1,00 +0,0 +0,0 +0,0
2025-08-21 16:26:30 CEST : >APLT : _08211626c...s...g...t080h45b10082 +0,01 -0,01 +1,00 +0,0 +0,0 +0,0
2025-08-21 16:28:30 CEST : >APLT : _08211628c...s...g...t079h45b10083 +0,01 -0,01 +1,00 +0,0 +0,0 +0,0
2025-08-21 16:30:30 CEST : >APLT : _08211630c...s...g...t079h46b10083 +0,01 -0,01 +1,00 +0,0 +0,0 +0,0
2025-08-21 16:32:30 CEST : >APLT : _08211632c...s...g...t080h45b10084 +0,01 -0,01 +1,00 +0,0 +0,0 +0,0
2025-08-21 16:34:30 CEST : >APLT : _08211634c...s...g...t080h45b10083 +0,01 -0,01 +1,00 +0,0 +0,0 +0,0
2025-08-21 16:36:30 CEST : >APLT : _08211636c...s...g...t080h45b10084 +0,01 -0,01 +1,00 +0,0 +0,0 +0,0
2025-08-21 16:38:30 CEST : >APLT : _08211638c...s...g...t080h45b10083 +0,01 -0,01 +1,00 +0,0 +0,0 +0,0
2025-08-21 16:40:30 CEST : >APLT : _08211640c...s...g...t080h45b10083 +0,01 -0,01 +1,00 +0,0 +0,0 +0,0
2025-08-21 16:42:30 CEST : >APLT : _08211642c...s...g...t080h45b10083 +0,01 -0,01 +1,00 +0,0 +0,0 +0,0
2025-08-21 16:44:30 CEST : >APLT : _08211644c...s...g...t079h45b10083 +0,01 -0,01 +1,00 +0,0 +0,0 +0,0
